[0.881s] Invoking command in '/home/spech/tfm_ws/src/teleop_twist_keyboard': PYTHONPATH=/home/spech/tfm_ws/build/teleop_twist_keyboard/prefix_override:/usr/lib/python3/dist-packages/colcon_core/task/python/colcon_distutils_commands:/home/spech/tfm_ws/install/teleop_twist_keyboard/lib/python3.8/site-packages:${PYTHONPATH} /usr/bin/python3 -W ignore:setup.py install is deprecated -W ignore:easy_install command is deprecated setup.py egg_info --egg-base ../../build/teleop_twist_keyboard build --build-base /home/spech/tfm_ws/build/teleop_twist_keyboard/build install --record /home/spech/tfm_ws/build/teleop_twist_keyboard/install.log --single-version-externally-managed install_data
[1.170s] running egg_info
[1.171s] writing ../../build/teleop_twist_keyboard/teleop_twist_keyboard.egg-info/PKG-INFO
[1.172s] writing dependency_links to ../../build/teleop_twist_keyboard/teleop_twist_keyboard.egg-info/dependency_links.txt
[1.172s] writing entry points to ../../build/teleop_twist_keyboard/teleop_twist_keyboard.egg-info/entry_points.txt
[1.172s] writing requirements to ../../build/teleop_twist_keyboard/teleop_twist_keyboard.egg-info/requires.txt
[1.173s] writing top-level names to ../../build/teleop_twist_keyboard/teleop_twist_keyboard.egg-info/top_level.txt
[1.218s] reading manifest file '../../build/teleop_twist_keyboard/teleop_twist_keyboard.egg-info/SOURCES.txt'
[1.219s] writing manifest file '../../build/teleop_twist_keyboard/teleop_twist_keyboard.egg-info/SOURCES.txt'
[1.219s] running build
[1.219s] running build_py
[1.220s] running install
[1.221s] running install_lib
[1.222s] running install_data
[1.223s] running install_egg_info
[1.226s] removing '/home/spech/tfm_ws/install/teleop_twist_keyboard/lib/python3.8/site-packages/teleop_twist_keyboard-2.4.0-py3.8.egg-info' (and everything under it)
[1.226s] Copying ../../build/teleop_twist_keyboard/teleop_twist_keyboard.egg-info to /home/spech/tfm_ws/install/teleop_twist_keyboard/lib/python3.8/site-packages/teleop_twist_keyboard-2.4.0-py3.8.egg-info
[1.227s] running install_scripts
[1.249s] Installing teleop_twist_keyboard script to /home/spech/tfm_ws/install/teleop_twist_keyboard/lib/teleop_twist_keyboard
[1.250s] writing list of installed files to '/home/spech/tfm_ws/build/teleop_twist_keyboard/install.log'
[1.278s] Invoked command in '/home/spech/tfm_ws/src/teleop_twist_keyboard' returned '0': PYTHONPATH=/home/spech/tfm_ws/build/teleop_twist_keyboard/prefix_override:/usr/lib/python3/dist-packages/colcon_core/task/python/colcon_distutils_commands:/home/spech/tfm_ws/install/teleop_twist_keyboard/lib/python3.8/site-packages:${PYTHONPATH} /usr/bin/python3 -W ignore:setup.py install is deprecated -W ignore:easy_install command is deprecated setup.py egg_info --egg-base ../../build/teleop_twist_keyboard build --build-base /home/spech/tfm_ws/build/teleop_twist_keyboard/build install --record /home/spech/tfm_ws/build/teleop_twist_keyboard/install.log --single-version-externally-managed install_data
