[0.271s] Invoking command in '/home/spech/tfm_ws/build/rcauto_sim_pkg': CMAKE_PREFIX_PATH=${CMAKE_PREFIX_PATH}:/home/spech/tfm_ws/install/teleop_twist_keyboard:/opt/ros/foxy /usr/bin/cmake --build /home/spech/tfm_ws/build/rcauto_sim_pkg -- -j4 -l4
[1.860s] Invoked command in '/home/spech/tfm_ws/build/rcauto_sim_pkg' returned '0': CMAKE_PREFIX_PATH=${CMAKE_PREFIX_PATH}:/home/spech/tfm_ws/install/teleop_twist_keyboard:/opt/ros/foxy /usr/bin/cmake --build /home/spech/tfm_ws/build/rcauto_sim_pkg -- -j4 -l4
[1.966s] Invoking command in '/home/spech/tfm_ws/build/rcauto_sim_pkg': CMAKE_PREFIX_PATH=${CMAKE_PREFIX_PATH}:/home/spech/tfm_ws/install/teleop_twist_keyboard:/opt/ros/foxy /usr/bin/cmake --install /home/spech/tfm_ws/build/rcauto_sim_pkg
[2.000s] -- Install configuration: ""
[2.013s] -- Execute custom install script
[2.071s] -- Up-to-date symlink: /home/spech/tfm_ws/install/rcauto_sim_pkg/share/rcauto_sim_pkg/launch/tfm_sim.launch.py
[2.073s] -- Up-to-date symlink: /home/spech/tfm_ws/install/rcauto_sim_pkg/share/ament_index/resource_index/package_run_dependencies/rcauto_sim_pkg
[2.076s] -- Up-to-date symlink: /home/spech/tfm_ws/install/rcauto_sim_pkg/share/ament_index/resource_index/parent_prefix_path/rcauto_sim_pkg
[2.080s] -- Up-to-date symlink: /home/spech/tfm_ws/install/rcauto_sim_pkg/share/rcauto_sim_pkg/environment/ament_prefix_path.sh
[2.082s] -- Up-to-date symlink: /home/spech/tfm_ws/install/rcauto_sim_pkg/share/rcauto_sim_pkg/environment/ament_prefix_path.dsv
[2.084s] -- Up-to-date symlink: /home/spech/tfm_ws/install/rcauto_sim_pkg/share/rcauto_sim_pkg/environment/path.sh
[2.086s] -- Up-to-date symlink: /home/spech/tfm_ws/install/rcauto_sim_pkg/share/rcauto_sim_pkg/environment/path.dsv
[2.089s] -- Up-to-date symlink: /home/spech/tfm_ws/install/rcauto_sim_pkg/share/rcauto_sim_pkg/local_setup.bash
[2.091s] -- Up-to-date symlink: /home/spech/tfm_ws/install/rcauto_sim_pkg/share/rcauto_sim_pkg/local_setup.sh
[2.094s] -- Up-to-date symlink: /home/spech/tfm_ws/install/rcauto_sim_pkg/share/rcauto_sim_pkg/local_setup.zsh
[2.096s] -- Up-to-date symlink: /home/spech/tfm_ws/install/rcauto_sim_pkg/share/rcauto_sim_pkg/local_setup.dsv
[2.097s] -- Symlinking: /home/spech/tfm_ws/install/rcauto_sim_pkg/share/rcauto_sim_pkg/package.dsv
[2.143s] -- Up-to-date symlink: /home/spech/tfm_ws/install/rcauto_sim_pkg/share/ament_index/resource_index/packages/rcauto_sim_pkg
[2.145s] -- Up-to-date symlink: /home/spech/tfm_ws/install/rcauto_sim_pkg/share/rcauto_sim_pkg/cmake/rcauto_sim_pkgConfig.cmake
[2.145s] -- Up-to-date symlink: /home/spech/tfm_ws/install/rcauto_sim_pkg/share/rcauto_sim_pkg/cmake/rcauto_sim_pkgConfig-version.cmake
[2.146s] -- Up-to-date symlink: /home/spech/tfm_ws/install/rcauto_sim_pkg/share/rcauto_sim_pkg/package.xml
[2.149s] Invoked command in '/home/spech/tfm_ws/build/rcauto_sim_pkg' returned '0': CMAKE_PREFIX_PATH=${CMAKE_PREFIX_PATH}:/home/spech/tfm_ws/install/teleop_twist_keyboard:/opt/ros/foxy /usr/bin/cmake --install /home/spech/tfm_ws/build/rcauto_sim_pkg
