[7.837s] DEBUG:colcon:Command line arguments: ['/usr/bin/colcon', 'build']
[7.838s] DEBUG:colcon:Parsed command line arguments: Namespace(allow_overriding=[], ament_cmake_args=None, base_paths=['.'], build_base='build', catkin_cmake_args=None, catkin_skip_building_tests=False, cmake_args=None, cmake_clean_cache=False, cmake_clean_first=False, cmake_force_configure=False, cmake_target=None, cmake_target_skip_unavailable=False, continue_on_error=False, event_handlers=None, executor='parallel', ignore_user_meta=False, install_base='install', log_base=None, log_level=None, main=<bound method BuildVerb.main of <colcon_core.verb.build.BuildVerb object at 0x7fd082189070>>, merge_install=False, metas=['./colcon.meta'], mixin=None, mixin_files=None, mixin_verb=('build',), packages_above=None, packages_above_and_dependencies=None, packages_above_depth=None, packages_end=None, packages_ignore=None, packages_ignore_regex=None, packages_select=None, packages_select_build_failed=False, packages_select_by_dep=None, packages_select_regex=None, packages_select_test_failures=False, packages_skip=None, packages_skip_build_finished=False, packages_skip_by_dep=None, packages_skip_regex=None, packages_skip_test_passed=False, packages_skip_up_to=None, packages_start=None, packages_up_to=None, packages_up_to_regex=None, parallel_workers=4, paths=None, symlink_install=False, test_result_base=None, verb_extension=<colcon_core.verb.build.BuildVerb object at 0x7fd082189070>, verb_name='build', verb_parser=<colcon_mixin.mixin.mixin_argument.MixinArgumentDecorator object at 0x7fd0820dea60>)
[9.066s] Level 1:colcon.colcon_core.package_discovery:discover_packages(colcon_meta) check parameters
[9.067s] Level 1:colcon.colcon_core.package_discovery:discover_packages(recursive) check parameters
[9.067s] Level 1:colcon.colcon_core.package_discovery:discover_packages(ignore) check parameters
[9.068s] Level 1:colcon.colcon_core.package_discovery:discover_packages(path) check parameters
[9.068s] Level 1:colcon.colcon_core.package_discovery:discover_packages(colcon_meta) discover
[9.068s] Level 1:colcon.colcon_core.package_discovery:discover_packages(recursive) discover
[9.069s] INFO:colcon.colcon_core.package_discovery:Crawling recursively for packages in '/home/spech/tfm_ws'
[9.069s] Level 1:colcon.colcon_core.package_identification:_identify(.) by extensions ['ignore', 'ignore_ament_install']
[9.070s] Level 1:colcon.colcon_core.package_identification:_identify(.) by extension 'ignore'
[9.070s] Level 1:colcon.colcon_core.package_identification:_identify(.) by extension 'ignore_ament_install'
[9.071s] Level 1:colcon.colcon_core.package_identification:_identify(.) by extensions ['colcon_pkg']
[9.071s] Level 1:colcon.colcon_core.package_identification:_identify(.) by extension 'colcon_pkg'
[9.071s] Level 1:colcon.colcon_core.package_identification:_identify(.) by extensions ['colcon_meta']
[9.071s] Level 1:colcon.colcon_core.package_identification:_identify(.) by extension 'colcon_meta'
[9.072s] Level 1:colcon.colcon_core.package_identification:_identify(.) by extensions ['ros']
[9.072s] Level 1:colcon.colcon_core.package_identification:_identify(.) by extension 'ros'
[9.170s] Level 1:colcon.colcon_core.package_identification:_identify(.) by extensions ['cmake', 'python']
[9.170s] Level 1:colcon.colcon_core.package_identification:_identify(.) by extension 'cmake'
[9.171s] Level 1:colcon.colcon_core.package_identification:_identify(.) by extension 'python'
[9.171s] Level 1:colcon.colcon_core.package_identification:_identify(.) by extensions ['python_setup_py']
[9.171s] Level 1:colcon.colcon_core.package_identification:_identify(.) by extension 'python_setup_py'
[9.171s] Level 1:colcon.colcon_core.package_identification:_identify(build) by extensions ['ignore', 'ignore_ament_install']
[9.171s] Level 1:colcon.colcon_core.package_identification:_identify(build) by extension 'ignore'
[9.171s] Level 1:colcon.colcon_core.package_identification:_identify(build) ignored
[9.172s] Level 1:colcon.colcon_core.package_identification:_identify(install) by extensions ['ignore', 'ignore_ament_install']
[9.172s] Level 1:colcon.colcon_core.package_identification:_identify(install) by extension 'ignore'
[9.172s] Level 1:colcon.colcon_core.package_identification:_identify(install) ignored
[9.172s] Level 1:colcon.colcon_core.package_identification:_identify(log) by extensions ['ignore', 'ignore_ament_install']
[9.173s] Level 1:colcon.colcon_core.package_identification:_identify(log) by extension 'ignore'
[9.173s] Level 1:colcon.colcon_core.package_identification:_identify(log) ignored
[9.193s] Level 1:colcon.colcon_core.package_identification:_identify(src) by extensions ['ignore', 'ignore_ament_install']
[9.193s] Level 1:colcon.colcon_core.package_identification:_identify(src) by extension 'ignore'
[9.193s] Level 1:colcon.colcon_core.package_identification:_identify(src) by extension 'ignore_ament_install'
[9.193s] Level 1:colcon.colcon_core.package_identification:_identify(src) by extensions ['colcon_pkg']
[9.193s] Level 1:colcon.colcon_core.package_identification:_identify(src) by extension 'colcon_pkg'
[9.194s] Level 1:colcon.colcon_core.package_identification:_identify(src) by extensions ['colcon_meta']
[9.194s] Level 1:colcon.colcon_core.package_identification:_identify(src) by extension 'colcon_meta'
[9.194s] Level 1:colcon.colcon_core.package_identification:_identify(src) by extensions ['ros']
[9.194s] Level 1:colcon.colcon_core.package_identification:_identify(src) by extension 'ros'
[9.194s] Level 1:colcon.colcon_core.package_identification:_identify(src) by extensions ['cmake', 'python']
[9.194s] Level 1:colcon.colcon_core.package_identification:_identify(src) by extension 'cmake'
[9.194s] Level 1:colcon.colcon_core.package_identification:_identify(src) by extension 'python'
[9.194s] Level 1:colcon.colcon_core.package_identification:_identify(src) by extensions ['python_setup_py']
[9.194s] Level 1:colcon.colcon_core.package_identification:_identify(src) by extension 'python_setup_py'
[9.195s] Level 1:colcon.colcon_core.package_identification:_identify(src/rcauto_sim_pkg) by extensions ['ignore', 'ignore_ament_install']
[9.195s] Level 1:colcon.colcon_core.package_identification:_identify(src/rcauto_sim_pkg) by extension 'ignore'
[9.196s] Level 1:colcon.colcon_core.package_identification:_identify(src/rcauto_sim_pkg) by extension 'ignore_ament_install'
[9.196s] Level 1:colcon.colcon_core.package_identification:_identify(src/rcauto_sim_pkg) by extensions ['colcon_pkg']
[9.196s] Level 1:colcon.colcon_core.package_identification:_identify(src/rcauto_sim_pkg) by extension 'colcon_pkg'
[9.196s] Level 1:colcon.colcon_core.package_identification:_identify(src/rcauto_sim_pkg) by extensions ['colcon_meta']
[9.196s] Level 1:colcon.colcon_core.package_identification:_identify(src/rcauto_sim_pkg) by extension 'colcon_meta'
[9.196s] Level 1:colcon.colcon_core.package_identification:_identify(src/rcauto_sim_pkg) by extensions ['ros']
[9.196s] Level 1:colcon.colcon_core.package_identification:_identify(src/rcauto_sim_pkg) by extension 'ros'
[9.232s] DEBUG:colcon.colcon_core.package_identification:Package 'src/rcauto_sim_pkg' with type 'ros.ament_cmake' and name 'rcauto_sim_pkg'
[9.233s] Level 1:colcon.colcon_core.package_discovery:discover_packages(recursive) using defaults
[9.233s] Level 1:colcon.colcon_core.package_discovery:discover_packages(ignore) discover
[9.233s] Level 1:colcon.colcon_core.package_discovery:discover_packages(ignore) using defaults
[9.233s] Level 1:colcon.colcon_core.package_discovery:discover_packages(path) discover
[9.233s] Level 1:colcon.colcon_core.package_discovery:discover_packages(path) using defaults
[9.538s] Level 1:colcon.colcon_core.package_discovery:discover_packages(prefix_path) check parameters
[9.539s] Level 1:colcon.colcon_core.package_discovery:discover_packages(prefix_path) discover
[9.554s] DEBUG:colcon.colcon_installed_package_information.package_discovery:Found 2 installed packages in /home/spech/tfm_ws/install
[9.565s] DEBUG:colcon.colcon_installed_package_information.package_discovery:Found 299 installed packages in /opt/ros/foxy
[9.571s] Level 1:colcon.colcon_core.package_discovery:discover_packages(prefix_path) using defaults
[10.580s] Level 5:colcon.colcon_core.verb:set package 'rcauto_sim_pkg' build argument 'cmake_args' from command line to 'None'
[10.580s] Level 5:colcon.colcon_core.verb:set package 'rcauto_sim_pkg' build argument 'cmake_target' from command line to 'None'
[10.580s] Level 5:colcon.colcon_core.verb:set package 'rcauto_sim_pkg' build argument 'cmake_target_skip_unavailable' from command line to 'False'
[10.580s] Level 5:colcon.colcon_core.verb:set package 'rcauto_sim_pkg' build argument 'cmake_clean_cache' from command line to 'False'
[10.580s] Level 5:colcon.colcon_core.verb:set package 'rcauto_sim_pkg' build argument 'cmake_clean_first' from command line to 'False'
[10.580s] Level 5:colcon.colcon_core.verb:set package 'rcauto_sim_pkg' build argument 'cmake_force_configure' from command line to 'False'
[10.580s] Level 5:colcon.colcon_core.verb:set package 'rcauto_sim_pkg' build argument 'ament_cmake_args' from command line to 'None'
[10.580s] Level 5:colcon.colcon_core.verb:set package 'rcauto_sim_pkg' build argument 'catkin_cmake_args' from command line to 'None'
[10.580s] Level 5:colcon.colcon_core.verb:set package 'rcauto_sim_pkg' build argument 'catkin_skip_building_tests' from command line to 'False'
[10.580s] DEBUG:colcon.colcon_core.verb:Building package 'rcauto_sim_pkg' with the following arguments: {'ament_cmake_args': None, 'build_base': '/home/spech/tfm_ws/build/rcauto_sim_pkg', 'catkin_cmake_args': None, 'catkin_skip_building_tests': False, 'cmake_args': None, 'cmake_clean_cache': False, 'cmake_clean_first': False, 'cmake_force_configure': False, 'cmake_target': None, 'cmake_target_skip_unavailable': False, 'install_base': '/home/spech/tfm_ws/install/rcauto_sim_pkg', 'merge_install': False, 'path': '/home/spech/tfm_ws/src/rcauto_sim_pkg', 'symlink_install': False, 'test_result_base': None}
[10.581s] INFO:colcon.colcon_core.executor:Executing jobs using 'parallel' executor
[10.583s] DEBUG:colcon.colcon_parallel_executor.executor.parallel:run_until_complete
[10.583s] INFO:colcon.colcon_ros.task.ament_cmake.build:Building ROS package in '/home/spech/tfm_ws/src/rcauto_sim_pkg' with build type 'ament_cmake'
[10.583s] INFO:colcon.colcon_cmake.task.cmake.build:Building CMake package in '/home/spech/tfm_ws/src/rcauto_sim_pkg'
[10.706s] INFO:colcon.colcon_core.plugin_system:Skipping extension 'colcon_core.shell.bat': Not used on non-Windows systems
[10.706s] INFO:colcon.colcon_core.shell:Skip shell extension 'powershell' for command environment: Not usable outside of PowerShell
[10.706s] DEBUG:colcon.colcon_core.shell:Skip shell extension 'dsv' for command environment
[10.817s] DEBUG:colcon.colcon_core.event_handler.log_command:Invoking command in '/home/spech/tfm_ws/build/rcauto_sim_pkg': CMAKE_PREFIX_PATH=${CMAKE_PREFIX_PATH}:/home/spech/tfm_ws/install/teleop_twist_keyboard:/opt/ros/foxy /usr/bin/cmake --build /home/spech/tfm_ws/build/rcauto_sim_pkg -- -j4 -l4
[11.933s] DEBUG:colcon.colcon_core.event_handler.log_command:Invoked command in '/home/spech/tfm_ws/build/rcauto_sim_pkg' returned '0': CMAKE_PREFIX_PATH=${CMAKE_PREFIX_PATH}:/home/spech/tfm_ws/install/teleop_twist_keyboard:/opt/ros/foxy /usr/bin/cmake --build /home/spech/tfm_ws/build/rcauto_sim_pkg -- -j4 -l4
[12.041s] DEBUG:colcon.colcon_core.event_handler.log_command:Invoking command in '/home/spech/tfm_ws/build/rcauto_sim_pkg': CMAKE_PREFIX_PATH=${CMAKE_PREFIX_PATH}:/home/spech/tfm_ws/install/teleop_twist_keyboard:/opt/ros/foxy /usr/bin/cmake --install /home/spech/tfm_ws/build/rcauto_sim_pkg
[12.213s] Level 1:colcon.colcon_core.environment:create_environment_scripts_only(rcauto_sim_pkg)
[12.215s] DEBUG:colcon.colcon_core.event_handler.log_command:Invoked command in '/home/spech/tfm_ws/build/rcauto_sim_pkg' returned '0': CMAKE_PREFIX_PATH=${CMAKE_PREFIX_PATH}:/home/spech/tfm_ws/install/teleop_twist_keyboard:/opt/ros/foxy /usr/bin/cmake --install /home/spech/tfm_ws/build/rcauto_sim_pkg
[12.329s] Level 1:colcon.colcon_core.environment:checking '/home/spech/tfm_ws/install/rcauto_sim_pkg' for CMake module files
[12.333s] Level 1:colcon.colcon_core.environment:checking '/home/spech/tfm_ws/install/rcauto_sim_pkg' for CMake config files
[12.334s] Level 1:colcon.colcon_core.shell:create_environment_hook('rcauto_sim_pkg', 'cmake_prefix_path')
[12.336s] INFO:colcon.colcon_core.shell:Creating environment hook '/home/spech/tfm_ws/install/rcauto_sim_pkg/share/rcauto_sim_pkg/hook/cmake_prefix_path.ps1'
[12.362s] INFO:colcon.colcon_core.shell:Creating environment descriptor '/home/spech/tfm_ws/install/rcauto_sim_pkg/share/rcauto_sim_pkg/hook/cmake_prefix_path.dsv'
[12.386s] INFO:colcon.colcon_core.shell:Creating environment hook '/home/spech/tfm_ws/install/rcauto_sim_pkg/share/rcauto_sim_pkg/hook/cmake_prefix_path.sh'
[12.392s] Level 1:colcon.colcon_core.environment:checking '/home/spech/tfm_ws/install/rcauto_sim_pkg/bin'
[12.393s] Level 1:colcon.colcon_core.environment:checking '/home/spech/tfm_ws/install/rcauto_sim_pkg/lib/pkgconfig/rcauto_sim_pkg.pc'
[12.394s] Level 1:colcon.colcon_core.environment:checking '/home/spech/tfm_ws/install/rcauto_sim_pkg/lib/python3.8/site-packages'
[12.395s] Level 1:colcon.colcon_core.environment:checking '/home/spech/tfm_ws/install/rcauto_sim_pkg/bin'
[12.398s] INFO:colcon.colcon_core.shell:Creating package script '/home/spech/tfm_ws/install/rcauto_sim_pkg/share/rcauto_sim_pkg/package.ps1'
[12.405s] INFO:colcon.colcon_core.shell:Creating package descriptor '/home/spech/tfm_ws/install/rcauto_sim_pkg/share/rcauto_sim_pkg/package.dsv'
[12.410s] INFO:colcon.colcon_core.shell:Creating package script '/home/spech/tfm_ws/install/rcauto_sim_pkg/share/rcauto_sim_pkg/package.sh'
[12.413s] INFO:colcon.colcon_core.shell:Creating package script '/home/spech/tfm_ws/install/rcauto_sim_pkg/share/rcauto_sim_pkg/package.bash'
[12.429s] INFO:colcon.colcon_core.shell:Creating package script '/home/spech/tfm_ws/install/rcauto_sim_pkg/share/rcauto_sim_pkg/package.zsh'
[12.437s] Level 1:colcon.colcon_core.environment:create_file_with_runtime_dependencies(/home/spech/tfm_ws/install/rcauto_sim_pkg/share/colcon-core/packages/rcauto_sim_pkg)
[12.439s] Level 1:colcon.colcon_core.environment:create_environment_scripts_only(rcauto_sim_pkg)
[12.440s] Level 1:colcon.colcon_core.environment:checking '/home/spech/tfm_ws/install/rcauto_sim_pkg' for CMake module files
[12.441s] Level 1:colcon.colcon_core.environment:checking '/home/spech/tfm_ws/install/rcauto_sim_pkg' for CMake config files
[12.441s] Level 1:colcon.colcon_core.shell:create_environment_hook('rcauto_sim_pkg', 'cmake_prefix_path')
[12.442s] INFO:colcon.colcon_core.shell:Creating environment hook '/home/spech/tfm_ws/install/rcauto_sim_pkg/share/rcauto_sim_pkg/hook/cmake_prefix_path.ps1'
[12.443s] INFO:colcon.colcon_core.shell:Creating environment descriptor '/home/spech/tfm_ws/install/rcauto_sim_pkg/share/rcauto_sim_pkg/hook/cmake_prefix_path.dsv'
[12.444s] INFO:colcon.colcon_core.shell:Creating environment hook '/home/spech/tfm_ws/install/rcauto_sim_pkg/share/rcauto_sim_pkg/hook/cmake_prefix_path.sh'
[12.445s] Level 1:colcon.colcon_core.environment:checking '/home/spech/tfm_ws/install/rcauto_sim_pkg/bin'
[12.445s] Level 1:colcon.colcon_core.environment:checking '/home/spech/tfm_ws/install/rcauto_sim_pkg/lib/pkgconfig/rcauto_sim_pkg.pc'
[12.446s] Level 1:colcon.colcon_core.environment:checking '/home/spech/tfm_ws/install/rcauto_sim_pkg/lib/python3.8/site-packages'
[12.446s] Level 1:colcon.colcon_core.environment:checking '/home/spech/tfm_ws/install/rcauto_sim_pkg/bin'
[12.447s] INFO:colcon.colcon_core.shell:Creating package script '/home/spech/tfm_ws/install/rcauto_sim_pkg/share/rcauto_sim_pkg/package.ps1'
[12.448s] INFO:colcon.colcon_core.shell:Creating package descriptor '/home/spech/tfm_ws/install/rcauto_sim_pkg/share/rcauto_sim_pkg/package.dsv'
[12.449s] INFO:colcon.colcon_core.shell:Creating package script '/home/spech/tfm_ws/install/rcauto_sim_pkg/share/rcauto_sim_pkg/package.sh'
[12.450s] INFO:colcon.colcon_core.shell:Creating package script '/home/spech/tfm_ws/install/rcauto_sim_pkg/share/rcauto_sim_pkg/package.bash'
[12.452s] INFO:colcon.colcon_core.shell:Creating package script '/home/spech/tfm_ws/install/rcauto_sim_pkg/share/rcauto_sim_pkg/package.zsh'
[12.452s] Level 1:colcon.colcon_core.environment:create_file_with_runtime_dependencies(/home/spech/tfm_ws/install/rcauto_sim_pkg/share/colcon-core/packages/rcauto_sim_pkg)
[12.453s] DEBUG:colcon.colcon_parallel_executor.executor.parallel:closing loop
[12.454s] DEBUG:colcon.colcon_parallel_executor.executor.parallel:loop closed
[12.454s] DEBUG:colcon.colcon_parallel_executor.executor.parallel:run_until_complete finished with '0'
[12.454s] DEBUG:colcon.colcon_core.event_reactor:joining thread
[12.483s] INFO:colcon.colcon_core.plugin_system:Skipping extension 'colcon_notification.desktop_notification.terminal_notifier': Not used on non-Darwin systems
[12.484s] INFO:colcon.colcon_core.plugin_system:Skipping extension 'colcon_notification.desktop_notification.win32': Not used on non-Windows systems
[12.484s] INFO:colcon.colcon_notification.desktop_notification:Sending desktop notification using 'notify2'
[12.511s] DEBUG:colcon.colcon_core.event_reactor:joined thread
[12.512s] INFO:colcon.colcon_core.shell:Creating prefix script '/home/spech/tfm_ws/install/local_setup.ps1'
[12.521s] INFO:colcon.colcon_core.shell:Creating prefix util module '/home/spech/tfm_ws/install/_local_setup_util_ps1.py'
[12.534s] INFO:colcon.colcon_core.shell:Creating prefix chain script '/home/spech/tfm_ws/install/setup.ps1'
[12.549s] INFO:colcon.colcon_core.shell:Creating prefix script '/home/spech/tfm_ws/install/local_setup.sh'
[12.550s] INFO:colcon.colcon_core.shell:Creating prefix util module '/home/spech/tfm_ws/install/_local_setup_util_sh.py'
[12.552s] INFO:colcon.colcon_core.shell:Creating prefix chain script '/home/spech/tfm_ws/install/setup.sh'
[12.554s] INFO:colcon.colcon_core.shell:Creating prefix script '/home/spech/tfm_ws/install/local_setup.bash'
[12.555s] INFO:colcon.colcon_core.shell:Creating prefix chain script '/home/spech/tfm_ws/install/setup.bash'
[12.556s] INFO:colcon.colcon_core.shell:Creating prefix script '/home/spech/tfm_ws/install/local_setup.zsh'
[12.557s] INFO:colcon.colcon_core.shell:Creating prefix chain script '/home/spech/tfm_ws/install/setup.zsh'
