[31.403s] DEBUG:colcon:Command line arguments: ['/usr/bin/colcon', 'build']
[31.403s] DEBUG:colcon:Parsed command line arguments: Namespace(allow_overriding=[], ament_cmake_args=None, base_paths=['.'], build_base='build', catkin_cmake_args=None, catkin_skip_building_tests=False, cmake_args=None, cmake_clean_cache=False, cmake_clean_first=False, cmake_force_configure=False, cmake_target=None, cmake_target_skip_unavailable=False, continue_on_error=False, event_handlers=None, executor='parallel', ignore_user_meta=False, install_base='install', log_base=None, log_level=None, main=<bound method BuildVerb.main of <colcon_core.verb.build.BuildVerb object at 0x7f149e442070>>, merge_install=False, metas=['./colcon.meta'], mixin=None, mixin_files=None, mixin_verb=('build',), packages_above=None, packages_above_and_dependencies=None, packages_above_depth=None, packages_end=None, packages_ignore=None, packages_ignore_regex=None, packages_select=None, packages_select_build_failed=False, packages_select_by_dep=None, packages_select_regex=None, packages_select_test_failures=False, packages_skip=None, packages_skip_build_finished=False, packages_skip_by_dep=None, packages_skip_regex=None, packages_skip_test_passed=False, packages_skip_up_to=None, packages_start=None, packages_up_to=None, packages_up_to_regex=None, parallel_workers=4, paths=None, symlink_install=False, test_result_base=None, verb_extension=<colcon_core.verb.build.BuildVerb object at 0x7f149e442070>, verb_name='build', verb_parser=<colcon_mixin.mixin.mixin_argument.MixinArgumentDecorator object at 0x7f149e397a60>)
[35.018s] Level 1:colcon.colcon_core.package_discovery:discover_packages(colcon_meta) check parameters
[35.019s] Level 1:colcon.colcon_core.package_discovery:discover_packages(recursive) check parameters
[35.019s] Level 1:colcon.colcon_core.package_discovery:discover_packages(ignore) check parameters
[35.020s] Level 1:colcon.colcon_core.package_discovery:discover_packages(path) check parameters
[35.020s] Level 1:colcon.colcon_core.package_discovery:discover_packages(colcon_meta) discover
[35.020s] Level 1:colcon.colcon_core.package_discovery:discover_packages(recursive) discover
[35.021s] INFO:colcon.colcon_core.package_discovery:Crawling recursively for packages in '/home/spech/tfm_ws'
[35.021s] Level 1:colcon.colcon_core.package_identification:_identify(.) by extensions ['ignore', 'ignore_ament_install']
[35.022s] Level 1:colcon.colcon_core.package_identification:_identify(.) by extension 'ignore'
[35.022s] Level 1:colcon.colcon_core.package_identification:_identify(.) by extension 'ignore_ament_install'
[35.023s] Level 1:colcon.colcon_core.package_identification:_identify(.) by extensions ['colcon_pkg']
[35.023s] Level 1:colcon.colcon_core.package_identification:_identify(.) by extension 'colcon_pkg'
[35.023s] Level 1:colcon.colcon_core.package_identification:_identify(.) by extensions ['colcon_meta']
[35.023s] Level 1:colcon.colcon_core.package_identification:_identify(.) by extension 'colcon_meta'
[35.024s] Level 1:colcon.colcon_core.package_identification:_identify(.) by extensions ['ros']
[35.024s] Level 1:colcon.colcon_core.package_identification:_identify(.) by extension 'ros'
[35.220s] Level 1:colcon.colcon_core.package_identification:_identify(.) by extensions ['cmake', 'python']
[35.220s] Level 1:colcon.colcon_core.package_identification:_identify(.) by extension 'cmake'
[35.220s] Level 1:colcon.colcon_core.package_identification:_identify(.) by extension 'python'
[35.220s] Level 1:colcon.colcon_core.package_identification:_identify(.) by extensions ['python_setup_py']
[35.220s] Level 1:colcon.colcon_core.package_identification:_identify(.) by extension 'python_setup_py'
[35.221s] Level 1:colcon.colcon_core.package_identification:_identify(build) by extensions ['ignore', 'ignore_ament_install']
[35.221s] Level 1:colcon.colcon_core.package_identification:_identify(build) by extension 'ignore'
[35.221s] Level 1:colcon.colcon_core.package_identification:_identify(build) ignored
[35.221s] Level 1:colcon.colcon_core.package_identification:_identify(install) by extensions ['ignore', 'ignore_ament_install']
[35.221s] Level 1:colcon.colcon_core.package_identification:_identify(install) by extension 'ignore'
[35.221s] Level 1:colcon.colcon_core.package_identification:_identify(install) ignored
[35.221s] Level 1:colcon.colcon_core.package_identification:_identify(log) by extensions ['ignore', 'ignore_ament_install']
[35.222s] Level 1:colcon.colcon_core.package_identification:_identify(log) by extension 'ignore'
[35.222s] Level 1:colcon.colcon_core.package_identification:_identify(log) ignored
[35.245s] Level 1:colcon.colcon_core.package_identification:_identify(src) by extensions ['ignore', 'ignore_ament_install']
[35.245s] Level 1:colcon.colcon_core.package_identification:_identify(src) by extension 'ignore'
[35.245s] Level 1:colcon.colcon_core.package_identification:_identify(src) by extension 'ignore_ament_install'
[35.245s] Level 1:colcon.colcon_core.package_identification:_identify(src) by extensions ['colcon_pkg']
[35.245s] Level 1:colcon.colcon_core.package_identification:_identify(src) by extension 'colcon_pkg'
[35.245s] Level 1:colcon.colcon_core.package_identification:_identify(src) by extensions ['colcon_meta']
[35.245s] Level 1:colcon.colcon_core.package_identification:_identify(src) by extension 'colcon_meta'
[35.245s] Level 1:colcon.colcon_core.package_identification:_identify(src) by extensions ['ros']
[35.245s] Level 1:colcon.colcon_core.package_identification:_identify(src) by extension 'ros'
[35.246s] Level 1:colcon.colcon_core.package_identification:_identify(src) by extensions ['cmake', 'python']
[35.246s] Level 1:colcon.colcon_core.package_identification:_identify(src) by extension 'cmake'
[35.246s] Level 1:colcon.colcon_core.package_identification:_identify(src) by extension 'python'
[35.246s] Level 1:colcon.colcon_core.package_identification:_identify(src) by extensions ['python_setup_py']
[35.246s] Level 1:colcon.colcon_core.package_identification:_identify(src) by extension 'python_setup_py'
[35.269s] Level 1:colcon.colcon_core.package_identification:_identify(src/rcauto_sim_pkg) by extensions ['ignore', 'ignore_ament_install']
[35.270s] Level 1:colcon.colcon_core.package_identification:_identify(src/rcauto_sim_pkg) by extension 'ignore'
[35.270s] Level 1:colcon.colcon_core.package_identification:_identify(src/rcauto_sim_pkg) by extension 'ignore_ament_install'
[35.270s] Level 1:colcon.colcon_core.package_identification:_identify(src/rcauto_sim_pkg) by extensions ['colcon_pkg']
[35.270s] Level 1:colcon.colcon_core.package_identification:_identify(src/rcauto_sim_pkg) by extension 'colcon_pkg'
[35.270s] Level 1:colcon.colcon_core.package_identification:_identify(src/rcauto_sim_pkg) by extensions ['colcon_meta']
[35.270s] Level 1:colcon.colcon_core.package_identification:_identify(src/rcauto_sim_pkg) by extension 'colcon_meta'
[35.271s] Level 1:colcon.colcon_core.package_identification:_identify(src/rcauto_sim_pkg) by extensions ['ros']
[35.271s] Level 1:colcon.colcon_core.package_identification:_identify(src/rcauto_sim_pkg) by extension 'ros'
[35.373s] DEBUG:colcon.colcon_core.package_identification:Package 'src/rcauto_sim_pkg' with type 'ros.ament_cmake' and name 'rcauto_sim_pkg'
[35.374s] Level 1:colcon.colcon_core.package_discovery:discover_packages(recursive) using defaults
[35.374s] Level 1:colcon.colcon_core.package_discovery:discover_packages(ignore) discover
[35.374s] Level 1:colcon.colcon_core.package_discovery:discover_packages(ignore) using defaults
[35.374s] Level 1:colcon.colcon_core.package_discovery:discover_packages(path) discover
[35.374s] Level 1:colcon.colcon_core.package_discovery:discover_packages(path) using defaults
[36.112s] Level 1:colcon.colcon_core.package_discovery:discover_packages(prefix_path) check parameters
[36.113s] Level 1:colcon.colcon_core.package_discovery:discover_packages(prefix_path) discover
[36.363s] DEBUG:colcon.colcon_installed_package_information.package_discovery:Found 2 installed packages in /home/spech/tfm_ws/install
[36.374s] DEBUG:colcon.colcon_installed_package_information.package_discovery:Found 299 installed packages in /opt/ros/foxy
[36.389s] Level 1:colcon.colcon_core.package_discovery:discover_packages(prefix_path) using defaults
[38.621s] Level 5:colcon.colcon_core.verb:set package 'rcauto_sim_pkg' build argument 'cmake_args' from command line to 'None'
[38.621s] Level 5:colcon.colcon_core.verb:set package 'rcauto_sim_pkg' build argument 'cmake_target' from command line to 'None'
[38.621s] Level 5:colcon.colcon_core.verb:set package 'rcauto_sim_pkg' build argument 'cmake_target_skip_unavailable' from command line to 'False'
[38.622s] Level 5:colcon.colcon_core.verb:set package 'rcauto_sim_pkg' build argument 'cmake_clean_cache' from command line to 'False'
[38.622s] Level 5:colcon.colcon_core.verb:set package 'rcauto_sim_pkg' build argument 'cmake_clean_first' from command line to 'False'
[38.622s] Level 5:colcon.colcon_core.verb:set package 'rcauto_sim_pkg' build argument 'cmake_force_configure' from command line to 'False'
[38.622s] Level 5:colcon.colcon_core.verb:set package 'rcauto_sim_pkg' build argument 'ament_cmake_args' from command line to 'None'
[38.622s] Level 5:colcon.colcon_core.verb:set package 'rcauto_sim_pkg' build argument 'catkin_cmake_args' from command line to 'None'
[38.622s] Level 5:colcon.colcon_core.verb:set package 'rcauto_sim_pkg' build argument 'catkin_skip_building_tests' from command line to 'False'
[38.622s] DEBUG:colcon.colcon_core.verb:Building package 'rcauto_sim_pkg' with the following arguments: {'ament_cmake_args': None, 'build_base': '/home/spech/tfm_ws/build/rcauto_sim_pkg', 'catkin_cmake_args': None, 'catkin_skip_building_tests': False, 'cmake_args': None, 'cmake_clean_cache': False, 'cmake_clean_first': False, 'cmake_force_configure': False, 'cmake_target': None, 'cmake_target_skip_unavailable': False, 'install_base': '/home/spech/tfm_ws/install/rcauto_sim_pkg', 'merge_install': False, 'path': '/home/spech/tfm_ws/src/rcauto_sim_pkg', 'symlink_install': False, 'test_result_base': None}
[38.622s] INFO:colcon.colcon_core.executor:Executing jobs using 'parallel' executor
[38.624s] DEBUG:colcon.colcon_parallel_executor.executor.parallel:run_until_complete
[38.625s] INFO:colcon.colcon_ros.task.ament_cmake.build:Building ROS package in '/home/spech/tfm_ws/src/rcauto_sim_pkg' with build type 'ament_cmake'
[38.625s] INFO:colcon.colcon_cmake.task.cmake.build:Building CMake package in '/home/spech/tfm_ws/src/rcauto_sim_pkg'
[39.027s] INFO:colcon.colcon_core.plugin_system:Skipping extension 'colcon_core.shell.bat': Not used on non-Windows systems
[39.028s] INFO:colcon.colcon_core.shell:Skip shell extension 'powershell' for command environment: Not usable outside of PowerShell
[39.029s] DEBUG:colcon.colcon_core.shell:Skip shell extension 'dsv' for command environment
[39.194s] DEBUG:colcon.colcon_core.event_handler.log_command:Invoking command in '/home/spech/tfm_ws/build/rcauto_sim_pkg': CMAKE_PREFIX_PATH=${CMAKE_PREFIX_PATH}:/home/spech/tfm_ws/install/teleop_twist_keyboard:/opt/ros/foxy /usr/bin/cmake --build /home/spech/tfm_ws/build/rcauto_sim_pkg -- -j4 -l4
[40.316s] DEBUG:colcon.colcon_core.event_handler.log_command:Invoked command in '/home/spech/tfm_ws/build/rcauto_sim_pkg' returned '0': CMAKE_PREFIX_PATH=${CMAKE_PREFIX_PATH}:/home/spech/tfm_ws/install/teleop_twist_keyboard:/opt/ros/foxy /usr/bin/cmake --build /home/spech/tfm_ws/build/rcauto_sim_pkg -- -j4 -l4
[40.345s] DEBUG:colcon.colcon_core.event_handler.log_command:Invoking command in '/home/spech/tfm_ws/build/rcauto_sim_pkg': CMAKE_PREFIX_PATH=${CMAKE_PREFIX_PATH}:/home/spech/tfm_ws/install/teleop_twist_keyboard:/opt/ros/foxy /usr/bin/cmake --install /home/spech/tfm_ws/build/rcauto_sim_pkg
[40.403s] Level 1:colcon.colcon_core.environment:create_environment_scripts_only(rcauto_sim_pkg)
[40.408s] DEBUG:colcon.colcon_core.event_handler.log_command:Invoked command in '/home/spech/tfm_ws/build/rcauto_sim_pkg' returned '0': CMAKE_PREFIX_PATH=${CMAKE_PREFIX_PATH}:/home/spech/tfm_ws/install/teleop_twist_keyboard:/opt/ros/foxy /usr/bin/cmake --install /home/spech/tfm_ws/build/rcauto_sim_pkg
[40.535s] Level 1:colcon.colcon_core.environment:checking '/home/spech/tfm_ws/install/rcauto_sim_pkg' for CMake module files
[40.538s] Level 1:colcon.colcon_core.environment:checking '/home/spech/tfm_ws/install/rcauto_sim_pkg' for CMake config files
[40.539s] Level 1:colcon.colcon_core.shell:create_environment_hook('rcauto_sim_pkg', 'cmake_prefix_path')
[40.541s] INFO:colcon.colcon_core.shell:Creating environment hook '/home/spech/tfm_ws/install/rcauto_sim_pkg/share/rcauto_sim_pkg/hook/cmake_prefix_path.ps1'
[40.569s] INFO:colcon.colcon_core.shell:Creating environment descriptor '/home/spech/tfm_ws/install/rcauto_sim_pkg/share/rcauto_sim_pkg/hook/cmake_prefix_path.dsv'
[40.593s] INFO:colcon.colcon_core.shell:Creating environment hook '/home/spech/tfm_ws/install/rcauto_sim_pkg/share/rcauto_sim_pkg/hook/cmake_prefix_path.sh'
[40.600s] Level 1:colcon.colcon_core.environment:checking '/home/spech/tfm_ws/install/rcauto_sim_pkg/bin'
[40.600s] Level 1:colcon.colcon_core.environment:checking '/home/spech/tfm_ws/install/rcauto_sim_pkg/lib/pkgconfig/rcauto_sim_pkg.pc'
[40.602s] Level 1:colcon.colcon_core.environment:checking '/home/spech/tfm_ws/install/rcauto_sim_pkg/lib/python3.8/site-packages'
[40.603s] Level 1:colcon.colcon_core.environment:checking '/home/spech/tfm_ws/install/rcauto_sim_pkg/bin'
[40.605s] INFO:colcon.colcon_core.shell:Creating package script '/home/spech/tfm_ws/install/rcauto_sim_pkg/share/rcauto_sim_pkg/package.ps1'
[40.610s] INFO:colcon.colcon_core.shell:Creating package descriptor '/home/spech/tfm_ws/install/rcauto_sim_pkg/share/rcauto_sim_pkg/package.dsv'
[40.612s] INFO:colcon.colcon_core.shell:Creating package script '/home/spech/tfm_ws/install/rcauto_sim_pkg/share/rcauto_sim_pkg/package.sh'
[40.615s] INFO:colcon.colcon_core.shell:Creating package script '/home/spech/tfm_ws/install/rcauto_sim_pkg/share/rcauto_sim_pkg/package.bash'
[40.636s] INFO:colcon.colcon_core.shell:Creating package script '/home/spech/tfm_ws/install/rcauto_sim_pkg/share/rcauto_sim_pkg/package.zsh'
[40.645s] Level 1:colcon.colcon_core.environment:create_file_with_runtime_dependencies(/home/spech/tfm_ws/install/rcauto_sim_pkg/share/colcon-core/packages/rcauto_sim_pkg)
[40.647s] Level 1:colcon.colcon_core.environment:create_environment_scripts_only(rcauto_sim_pkg)
[40.647s] Level 1:colcon.colcon_core.environment:checking '/home/spech/tfm_ws/install/rcauto_sim_pkg' for CMake module files
[40.648s] Level 1:colcon.colcon_core.environment:checking '/home/spech/tfm_ws/install/rcauto_sim_pkg' for CMake config files
[40.649s] Level 1:colcon.colcon_core.shell:create_environment_hook('rcauto_sim_pkg', 'cmake_prefix_path')
[40.649s] INFO:colcon.colcon_core.shell:Creating environment hook '/home/spech/tfm_ws/install/rcauto_sim_pkg/share/rcauto_sim_pkg/hook/cmake_prefix_path.ps1'
[40.650s] INFO:colcon.colcon_core.shell:Creating environment descriptor '/home/spech/tfm_ws/install/rcauto_sim_pkg/share/rcauto_sim_pkg/hook/cmake_prefix_path.dsv'
[40.651s] INFO:colcon.colcon_core.shell:Creating environment hook '/home/spech/tfm_ws/install/rcauto_sim_pkg/share/rcauto_sim_pkg/hook/cmake_prefix_path.sh'
[40.653s] Level 1:colcon.colcon_core.environment:checking '/home/spech/tfm_ws/install/rcauto_sim_pkg/bin'
[40.653s] Level 1:colcon.colcon_core.environment:checking '/home/spech/tfm_ws/install/rcauto_sim_pkg/lib/pkgconfig/rcauto_sim_pkg.pc'
[40.654s] Level 1:colcon.colcon_core.environment:checking '/home/spech/tfm_ws/install/rcauto_sim_pkg/lib/python3.8/site-packages'
[40.654s] Level 1:colcon.colcon_core.environment:checking '/home/spech/tfm_ws/install/rcauto_sim_pkg/bin'
[40.655s] INFO:colcon.colcon_core.shell:Creating package script '/home/spech/tfm_ws/install/rcauto_sim_pkg/share/rcauto_sim_pkg/package.ps1'
[40.656s] INFO:colcon.colcon_core.shell:Creating package descriptor '/home/spech/tfm_ws/install/rcauto_sim_pkg/share/rcauto_sim_pkg/package.dsv'
[40.657s] INFO:colcon.colcon_core.shell:Creating package script '/home/spech/tfm_ws/install/rcauto_sim_pkg/share/rcauto_sim_pkg/package.sh'
[40.658s] INFO:colcon.colcon_core.shell:Creating package script '/home/spech/tfm_ws/install/rcauto_sim_pkg/share/rcauto_sim_pkg/package.bash'
[40.660s] INFO:colcon.colcon_core.shell:Creating package script '/home/spech/tfm_ws/install/rcauto_sim_pkg/share/rcauto_sim_pkg/package.zsh'
[40.661s] Level 1:colcon.colcon_core.environment:create_file_with_runtime_dependencies(/home/spech/tfm_ws/install/rcauto_sim_pkg/share/colcon-core/packages/rcauto_sim_pkg)
[40.662s] DEBUG:colcon.colcon_parallel_executor.executor.parallel:closing loop
[40.662s] DEBUG:colcon.colcon_parallel_executor.executor.parallel:loop closed
[40.663s] DEBUG:colcon.colcon_parallel_executor.executor.parallel:run_until_complete finished with '0'
[40.663s] DEBUG:colcon.colcon_core.event_reactor:joining thread
[40.694s] INFO:colcon.colcon_core.plugin_system:Skipping extension 'colcon_notification.desktop_notification.terminal_notifier': Not used on non-Darwin systems
[40.694s] INFO:colcon.colcon_core.plugin_system:Skipping extension 'colcon_notification.desktop_notification.win32': Not used on non-Windows systems
[40.695s] INFO:colcon.colcon_notification.desktop_notification:Sending desktop notification using 'notify2'
[40.733s] DEBUG:colcon.colcon_core.event_reactor:joined thread
[40.734s] INFO:colcon.colcon_core.shell:Creating prefix script '/home/spech/tfm_ws/install/local_setup.ps1'
[40.763s] INFO:colcon.colcon_core.shell:Creating prefix util module '/home/spech/tfm_ws/install/_local_setup_util_ps1.py'
[40.779s] INFO:colcon.colcon_core.shell:Creating prefix chain script '/home/spech/tfm_ws/install/setup.ps1'
[40.782s] INFO:colcon.colcon_core.shell:Creating prefix script '/home/spech/tfm_ws/install/local_setup.sh'
[40.784s] INFO:colcon.colcon_core.shell:Creating prefix util module '/home/spech/tfm_ws/install/_local_setup_util_sh.py'
[40.784s] INFO:colcon.colcon_core.shell:Creating prefix chain script '/home/spech/tfm_ws/install/setup.sh'
[40.786s] INFO:colcon.colcon_core.shell:Creating prefix script '/home/spech/tfm_ws/install/local_setup.bash'
[40.787s] INFO:colcon.colcon_core.shell:Creating prefix chain script '/home/spech/tfm_ws/install/setup.bash'
[40.788s] INFO:colcon.colcon_core.shell:Creating prefix script '/home/spech/tfm_ws/install/local_setup.zsh'
[40.789s] INFO:colcon.colcon_core.shell:Creating prefix chain script '/home/spech/tfm_ws/install/setup.zsh'
