[0.015s] Invoking command in '/home/spech/tfm_ws/build/rcauto_sim_pkg': CMAKE_PREFIX_PATH=${CMAKE_PREFIX_PATH}:/opt/ros/foxy /usr/bin/cmake /home/spech/tfm_ws/src/rcauto_sim_pkg -DCMAKE_INSTALL_PREFIX=/home/spech/tfm_ws/install/rcauto_sim_pkg
[0.098s] -- The C compiler identification is GNU 9.4.0
[0.177s] -- The CXX compiler identification is GNU 9.4.0
[0.183s] -- Check for working C compiler: /usr/bin/cc
[0.281s] -- Check for working C compiler: /usr/bin/cc -- works
[0.282s] -- Detecting C compiler ABI info
[0.381s] -- Detecting C compiler ABI info - done
[0.395s] -- Detecting C compile features
[0.396s] -- Detecting C compile features - done
[0.399s] -- Check for working CXX compiler: /usr/bin/c++
[0.512s] -- Check for working CXX compiler: /usr/bin/c++ -- works
[0.514s] -- Detecting CXX compiler ABI info
[0.627s] -- Detecting CXX compiler ABI info - done
[0.647s] -- Detecting CXX compile features
[0.648s] -- Detecting CXX compile features - done
[0.651s] -- Found ament_cmake: 0.9.12 (/opt/ros/foxy/share/ament_cmake/cmake)
[0.683s] -- Found PythonInterp: /usr/bin/python3 (found suitable version "3.8.10", minimum required is "3") 
[0.683s] -- Using PYTHON_EXECUTABLE: /usr/bin/python3
[0.956s] -- Found rclcpp: 2.4.3 (/opt/ros/foxy/share/rclcpp/cmake)
[1.016s] -- Using all available rosidl_typesupport_c: rosidl_typesupport_fastrtps_c;rosidl_typesupport_introspection_c
[1.025s] -- Found rosidl_adapter: 1.3.1 (/opt/ros/foxy/share/rosidl_adapter/cmake)
[1.147s] -- Found OpenSSL: /usr/lib/x86_64-linux-gnu/libcrypto.so (found version "1.1.1f")  
[1.187s] -- Found FastRTPS: /opt/ros/foxy/include  
[1.295s] -- Using all available rosidl_typesupport_cpp: rosidl_typesupport_fastrtps_cpp;rosidl_typesupport_introspection_cpp
[1.375s] -- Found rmw_implementation_cmake: 1.0.4 (/opt/ros/foxy/share/rmw_implementation_cmake/cmake)
[1.377s] -- Using RMW implementation 'rmw_fastrtps_cpp' as default
[1.378s] -- Looking for pthread.h
[1.482s] -- Looking for pthread.h - found
[1.482s] -- Performing Test CMAKE_HAVE_LIBC_PTHREAD
[1.613s] -- Performing Test CMAKE_HAVE_LIBC_PTHREAD - Failed
[1.613s] -- Looking for pthread_create in pthreads
[1.794s] -- Looking for pthread_create in pthreads - not found
[1.795s] -- Looking for pthread_create in pthread
[1.903s] -- Looking for pthread_create in pthread - found
[1.905s] -- Found Threads: TRUE  
[2.114s] -- Found rclpy: 1.0.13 (/opt/ros/foxy/share/rclpy/cmake)
[2.116s] -- Found gazebo_ros: 3.5.3 (/opt/ros/foxy/share/gazebo_ros/cmake)
[2.131s] -- Found PkgConfig: /usr/bin/pkg-config (found version "0.29.1") 
[2.133s] -- Checking for module 'bullet>=2.82'
[2.157s] --   Found bullet, version 2.88
[2.344s] -- Found ccd: /usr/include (found suitable version "2.0", minimum required is "2.0") 
[2.440s] -- Found fcl: /usr/include (found suitable version "0.5.0", minimum required is "0.3.2") 
[2.535s] -- Found assimp: /usr/include (found version "5.0.0") 
[2.565s] -- Found DART: /usr/include (Required is at least version "6.6") found components: dart 
[2.600s] -- Found Boost: /usr/lib/x86_64-linux-gnu/cmake/Boost-1.71.0/BoostConfig.cmake (found suitable version "1.71.0", minimum required is "1.40.0") found components: thread system filesystem program_options regex iostreams date_time 
[2.624s] -- Found Protobuf: /usr/lib/x86_64-linux-gnu/libprotobuf.so;-lpthread (found version "3.6.1") 
[2.632s] -- Looking for ignition-math6 -- found version 6.15.1
[2.640s] -- Searching for dependencies of ignition-math6
[2.643s] -- Looking for OGRE...
[2.644s] -- OGRE_PREFIX_WATCH changed.
[2.651s] -- Checking for module 'OGRE'
[2.675s] --   Found OGRE, version 1.9.0
[2.740s] -- Found Ogre Ghadamon (1.9.0)
[2.752s] -- Found OGRE: optimized;/usr/lib/x86_64-linux-gnu/libOgreMain.so;debug;/usr/lib/x86_64-linux-gnu/libOgreMain.so
[2.766s] -- Looking for OGRE_Paging...
[2.774s] -- Found OGRE_Paging: optimized;/usr/lib/x86_64-linux-gnu/libOgrePaging.so;debug;/usr/lib/x86_64-linux-gnu/libOgrePaging.so
[2.775s] -- Looking for OGRE_Terrain...
[2.782s] -- Found OGRE_Terrain: optimized;/usr/lib/x86_64-linux-gnu/libOgreTerrain.so;debug;/usr/lib/x86_64-linux-gnu/libOgreTerrain.so
[2.783s] -- Looking for OGRE_Property...
[2.791s] -- Found OGRE_Property: optimized;/usr/lib/x86_64-linux-gnu/libOgreProperty.so;debug;/usr/lib/x86_64-linux-gnu/libOgreProperty.so
[2.791s] -- Looking for OGRE_RTShaderSystem...
[2.799s] -- Found OGRE_RTShaderSystem: optimized;/usr/lib/x86_64-linux-gnu/libOgreRTShaderSystem.so;debug;/usr/lib/x86_64-linux-gnu/libOgreRTShaderSystem.so
[2.799s] -- Looking for OGRE_Volume...
[2.808s] -- Found OGRE_Volume: optimized;/usr/lib/x86_64-linux-gnu/libOgreVolume.so;debug;/usr/lib/x86_64-linux-gnu/libOgreVolume.so
[2.808s] -- Looking for OGRE_Overlay...
[2.816s] -- Found OGRE_Overlay: optimized;/usr/lib/x86_64-linux-gnu/libOgreOverlay.so;debug;/usr/lib/x86_64-linux-gnu/libOgreOverlay.so
[2.989s] -- Looking for ignition-math6 -- found version 6.15.1
[2.991s] -- Looking for ignition-transport8 -- found version 8.3.0
[2.992s] -- Searching for dependencies of ignition-transport8
[3.017s] -- Found Protobuf: /usr/lib/x86_64-linux-gnu/libprotobuf.so;-lpthread (found suitable version "3.6.1", minimum required is "3") 
[3.033s] -- Config-file not installed for ZeroMQ -- checking for pkg-config
[3.040s] -- Checking for module 'libzmq >= 4'
[3.065s] --   Found libzmq , version 4.3.2
[3.134s] -- Found ZeroMQ: TRUE (Required is at least version "4") 
[3.143s] -- Checking for module 'uuid'
[3.168s] --   Found uuid, version 2.34.0
[3.234s] -- Found UUID: TRUE  
[3.237s] -- Looking for ignition-msgs5 -- found version 5.10.0
[3.238s] -- Searching for dependencies of ignition-msgs5
[3.264s] -- Looking for ignition-math6 -- found version 6.15.1
[3.272s] -- Checking for module 'tinyxml2'
[3.297s] --   Found tinyxml2, version 6.2.0
[3.367s] -- Looking for ignition-msgs5 -- found version 5.10.0
[3.369s] -- Looking for ignition-common3 -- found version 3.14.2
[3.370s] -- Searching for dependencies of ignition-common3
[3.370s] -- Looking for dlfcn.h - found
[3.372s] -- Looking for libdl - found
[3.374s] -- Found DL: TRUE  
[3.386s] -- Searching for <ignition-common3> component [graphics]
[3.388s] -- Looking for ignition-common3-graphics -- found version 3.14.2
[3.389s] -- Searching for dependencies of ignition-common3-graphics
[3.390s] -- Looking for ignition-math6 -- found version 6.15.1
[3.393s] -- Looking for ignition-fuel_tools4 -- found version 4.6.0
[3.394s] -- Searching for dependencies of ignition-fuel_tools4
[3.517s] -- Found CURL: /usr/lib/x86_64-linux-gnu/libcurl.so (found version "7.68.0")  
[3.529s] -- Checking for module 'jsoncpp'
[3.556s] --   Found jsoncpp, version 1.7.4
[3.620s] -- Found JSONCPP: TRUE  
[3.629s] -- Checking for module 'libzip'
[3.655s] --   Found libzip, version 1.5.1
[3.721s] -- Found ZIP: TRUE  
[3.722s] -- Looking for ignition-common3 -- found version 3.14.2
[3.722s] -- Looking for ignition-math6 -- found version 6.15.1
[3.723s] -- Looking for ignition-msgs5 -- found version 5.10.0
[3.725s] -- Gazebo version: 11.11
[3.734s] -- Found sensor_msgs: 2.0.5 (/opt/ros/foxy/share/sensor_msgs/cmake)
[3.896s] -- Found ament_lint_auto: 0.9.8 (/opt/ros/foxy/share/ament_lint_auto/cmake)
[3.995s] -- Added test 'copyright' to check source files copyright and LICENSE
[3.999s] -- Added test 'flake8' to check Python code syntax and style conventions
[4.000s] -- Added test 'lint_cmake' to check CMake code style
[4.001s] -- Added test 'pep257' to check Python code against some of the style conventions in PEP 257
[4.004s] -- Added test 'xmllint' to check XML markup files
[4.010s] -- Configuring done
[4.014s] -- Generating done
[4.018s] -- Build files have been written to: /home/spech/tfm_ws/build/rcauto_sim_pkg
[4.034s] Invoked command in '/home/spech/tfm_ws/build/rcauto_sim_pkg' returned '0': CMAKE_PREFIX_PATH=${CMAKE_PREFIX_PATH}:/opt/ros/foxy /usr/bin/cmake /home/spech/tfm_ws/src/rcauto_sim_pkg -DCMAKE_INSTALL_PREFIX=/home/spech/tfm_ws/install/rcauto_sim_pkg
[4.039s] Invoking command in '/home/spech/tfm_ws/build/rcauto_sim_pkg': CMAKE_PREFIX_PATH=${CMAKE_PREFIX_PATH}:/opt/ros/foxy /usr/bin/cmake --build /home/spech/tfm_ws/build/rcauto_sim_pkg -- -j4 -l4
[4.102s] Invoked command in '/home/spech/tfm_ws/build/rcauto_sim_pkg' returned '0': CMAKE_PREFIX_PATH=${CMAKE_PREFIX_PATH}:/opt/ros/foxy /usr/bin/cmake --build /home/spech/tfm_ws/build/rcauto_sim_pkg -- -j4 -l4
[4.119s] Invoking command in '/home/spech/tfm_ws/build/rcauto_sim_pkg': CMAKE_PREFIX_PATH=${CMAKE_PREFIX_PATH}:/opt/ros/foxy /usr/bin/cmake --install /home/spech/tfm_ws/build/rcauto_sim_pkg
[4.135s] -- Install configuration: ""
[4.135s] -- Installing: /home/spech/tfm_ws/install/rcauto_sim_pkg/share/rcauto_sim_pkg/launch
[4.135s] -- Installing: /home/spech/tfm_ws/install/rcauto_sim_pkg/share/rcauto_sim_pkg/launch/prueba_world.launch
[4.135s] -- Installing: /home/spech/tfm_ws/install/rcauto_sim_pkg/share/rcauto_sim_pkg/launch/tfm_sim.launch.py
[4.136s] -- Installing: /home/spech/tfm_ws/install/rcauto_sim_pkg/share/rcauto_sim_pkg/launch/tfm_world.launch
[4.136s] -- Installing: /home/spech/tfm_ws/install/rcauto_sim_pkg/share/ament_index/resource_index/package_run_dependencies/rcauto_sim_pkg
[4.136s] -- Installing: /home/spech/tfm_ws/install/rcauto_sim_pkg/share/ament_index/resource_index/parent_prefix_path/rcauto_sim_pkg
[4.136s] -- Installing: /home/spech/tfm_ws/install/rcauto_sim_pkg/share/rcauto_sim_pkg/environment/ament_prefix_path.sh
[4.136s] -- Installing: /home/spech/tfm_ws/install/rcauto_sim_pkg/share/rcauto_sim_pkg/environment/ament_prefix_path.dsv
[4.136s] -- Installing: /home/spech/tfm_ws/install/rcauto_sim_pkg/share/rcauto_sim_pkg/environment/path.sh
[4.137s] -- Installing: /home/spech/tfm_ws/install/rcauto_sim_pkg/share/rcauto_sim_pkg/environment/path.dsv
[4.137s] -- Installing: /home/spech/tfm_ws/install/rcauto_sim_pkg/share/rcauto_sim_pkg/local_setup.bash
[4.137s] -- Installing: /home/spech/tfm_ws/install/rcauto_sim_pkg/share/rcauto_sim_pkg/local_setup.sh
[4.138s] -- Installing: /home/spech/tfm_ws/install/rcauto_sim_pkg/share/rcauto_sim_pkg/local_setup.zsh
[4.138s] -- Installing: /home/spech/tfm_ws/install/rcauto_sim_pkg/share/rcauto_sim_pkg/local_setup.dsv
[4.138s] -- Installing: /home/spech/tfm_ws/install/rcauto_sim_pkg/share/rcauto_sim_pkg/package.dsv
[4.139s] -- Installing: /home/spech/tfm_ws/install/rcauto_sim_pkg/share/ament_index/resource_index/packages/rcauto_sim_pkg
[4.139s] -- Installing: /home/spech/tfm_ws/install/rcauto_sim_pkg/share/rcauto_sim_pkg/cmake/rcauto_sim_pkgConfig.cmake
[4.139s] -- Installing: /home/spech/tfm_ws/install/rcauto_sim_pkg/share/rcauto_sim_pkg/cmake/rcauto_sim_pkgConfig-version.cmake
[4.139s] -- Installing: /home/spech/tfm_ws/install/rcauto_sim_pkg/share/rcauto_sim_pkg/package.xml
[4.143s] Invoked command in '/home/spech/tfm_ws/build/rcauto_sim_pkg' returned '0': CMAKE_PREFIX_PATH=${CMAKE_PREFIX_PATH}:/opt/ros/foxy /usr/bin/cmake --install /home/spech/tfm_ws/build/rcauto_sim_pkg
