[0.018s] Invoking command in '/home/spech/tfm_ws/build/rcauto_sim_pkg': CMAKE_PREFIX_PATH=${CMAKE_PREFIX_PATH}:/home/spech/tfm_ws/install/teleop_twist_keyboard:/opt/ros/foxy /usr/bin/cmake --build /home/spech/tfm_ws/build/rcauto_sim_pkg -- -j4 -l4
[0.364s] -- Found ament_cmake: 0.9.12 (/opt/ros/foxy/share/ament_cmake/cmake)
[0.539s] -- Using PYTHON_EXECUTABLE: /usr/bin/python3
[0.807s] -- Override CMake install command with custom implementation using symlinks instead of copying resources
[0.971s] -- Found rclcpp: 2.4.3 (/opt/ros/foxy/share/rclcpp/cmake)
[1.220s] -- Using all available rosidl_typesupport_c: rosidl_typesupport_fastrtps_c;rosidl_typesupport_introspection_c
[1.260s] -- Found rosidl_adapter: 1.3.1 (/opt/ros/foxy/share/rosidl_adapter/cmake)
[1.834s] -- Using all available rosidl_typesupport_cpp: rosidl_typesupport_fastrtps_cpp;rosidl_typesupport_introspection_cpp
[1.992s] -- Found rmw_implementation_cmake: 1.0.4 (/opt/ros/foxy/share/rmw_implementation_cmake/cmake)
[1.995s] -- Using RMW implementation 'rmw_fastrtps_cpp' as default
[2.370s] -- Found rclpy: 1.0.13 (/opt/ros/foxy/share/rclpy/cmake)
[2.391s] -- Found gazebo_ros: 3.5.3 (/opt/ros/foxy/share/gazebo_ros/cmake)
[2.773s] -- Found DART: /usr/include (Required is at least version "6.6") found components: dart 
[3.132s] -- Found Protobuf: /usr/lib/x86_64-linux-gnu/libprotobuf.so;-lpthread (found version "3.6.1") 
[3.173s] -- Looking for ignition-math6 -- found version 6.15.1
[3.285s] -- Searching for dependencies of ignition-math6
[3.317s] -- Looking for OGRE...
[3.385s] -- Found Ogre Ghadamon (1.9.0)
[3.388s] -- Found OGRE: optimized;/usr/lib/x86_64-linux-gnu/libOgreMain.so;debug;/usr/lib/x86_64-linux-gnu/libOgreMain.so
[3.423s] -- Looking for OGRE_Paging...
[3.423s] -- Found OGRE_Paging: optimized;/usr/lib/x86_64-linux-gnu/libOgrePaging.so;debug;/usr/lib/x86_64-linux-gnu/libOgrePaging.so
[3.423s] -- Looking for OGRE_Terrain...
[3.424s] -- Found OGRE_Terrain: optimized;/usr/lib/x86_64-linux-gnu/libOgreTerrain.so;debug;/usr/lib/x86_64-linux-gnu/libOgreTerrain.so
[3.424s] -- Looking for OGRE_Property...
[3.424s] -- Found OGRE_Property: optimized;/usr/lib/x86_64-linux-gnu/libOgreProperty.so;debug;/usr/lib/x86_64-linux-gnu/libOgreProperty.so
[3.424s] -- Looking for OGRE_RTShaderSystem...
[3.424s] -- Found OGRE_RTShaderSystem: optimized;/usr/lib/x86_64-linux-gnu/libOgreRTShaderSystem.so;debug;/usr/lib/x86_64-linux-gnu/libOgreRTShaderSystem.so
[3.424s] -- Looking for OGRE_Volume...
[3.425s] -- Found OGRE_Volume: optimized;/usr/lib/x86_64-linux-gnu/libOgreVolume.so;debug;/usr/lib/x86_64-linux-gnu/libOgreVolume.so
[3.425s] -- Looking for OGRE_Overlay...
[3.425s] -- Found OGRE_Overlay: optimized;/usr/lib/x86_64-linux-gnu/libOgreOverlay.so;debug;/usr/lib/x86_64-linux-gnu/libOgreOverlay.so
[3.606s] -- Looking for ignition-math6 -- found version 6.15.1
[3.613s] -- Looking for ignition-transport8 -- found version 8.3.0
[3.614s] -- Searching for dependencies of ignition-transport8
[3.650s] -- Found Protobuf: /usr/lib/x86_64-linux-gnu/libprotobuf.so;-lpthread (found suitable version "3.6.1", minimum required is "3") 
[3.667s] -- Config-file not installed for ZeroMQ -- checking for pkg-config
[3.674s] -- Checking for module 'libzmq >= 4'
[3.820s] --   Found libzmq , version 4.3.2
[3.916s] -- Checking for module 'uuid'
[3.957s] --   Found uuid, version 2.34.0
[4.049s] -- Looking for ignition-msgs5 -- found version 5.10.0
[4.050s] -- Searching for dependencies of ignition-msgs5
[4.078s] -- Looking for ignition-math6 -- found version 6.15.1
[4.086s] -- Checking for module 'tinyxml2'
[4.130s] --   Found tinyxml2, version 6.2.0
[4.214s] -- Looking for ignition-msgs5 -- found version 5.10.0
[4.227s] -- Looking for ignition-common3 -- found version 3.14.2
[4.228s] -- Searching for dependencies of ignition-common3
[4.229s] -- Looking for dlfcn.h - found
[4.229s] -- Looking for libdl - found
[4.250s] -- Searching for <ignition-common3> component [graphics]
[4.261s] -- Looking for ignition-common3-graphics -- found version 3.14.2
[4.262s] -- Searching for dependencies of ignition-common3-graphics
[4.263s] -- Looking for ignition-math6 -- found version 6.15.1
[4.272s] -- Looking for ignition-fuel_tools4 -- found version 4.6.0
[4.273s] -- Searching for dependencies of ignition-fuel_tools4
[4.364s] -- Checking for module 'jsoncpp'
[4.392s] --   Found jsoncpp, version 1.7.4
[4.474s] -- Checking for module 'libzip'
[4.507s] --   Found libzip, version 1.5.1
[4.574s] -- Looking for ignition-common3 -- found version 3.14.2
[4.574s] -- Looking for ignition-math6 -- found version 6.15.1
[4.575s] -- Looking for ignition-msgs5 -- found version 5.10.0
[4.577s] -- Gazebo version: 11.11
[4.600s] -- Found sensor_msgs: 2.0.5 (/opt/ros/foxy/share/sensor_msgs/cmake)
[4.835s] -- Found ament_lint_auto: 0.9.8 (/opt/ros/foxy/share/ament_lint_auto/cmake)
[5.149s] -- Added test 'copyright' to check source files copyright and LICENSE
[5.184s] -- Added test 'flake8' to check Python code syntax and style conventions
[5.186s] -- Added test 'lint_cmake' to check CMake code style
[5.188s] -- Added test 'pep257' to check Python code against some of the style conventions in PEP 257
[5.194s] -- Added test 'xmllint' to check XML markup files
[5.202s] -- Configuring done
[5.288s] -- Generating done
[5.307s] -- Build files have been written to: /home/spech/tfm_ws/build/rcauto_sim_pkg
[5.364s] Invoked command in '/home/spech/tfm_ws/build/rcauto_sim_pkg' returned '0': CMAKE_PREFIX_PATH=${CMAKE_PREFIX_PATH}:/home/spech/tfm_ws/install/teleop_twist_keyboard:/opt/ros/foxy /usr/bin/cmake --build /home/spech/tfm_ws/build/rcauto_sim_pkg -- -j4 -l4
[5.385s] Invoking command in '/home/spech/tfm_ws/build/rcauto_sim_pkg': CMAKE_PREFIX_PATH=${CMAKE_PREFIX_PATH}:/home/spech/tfm_ws/install/teleop_twist_keyboard:/opt/ros/foxy /usr/bin/cmake --install /home/spech/tfm_ws/build/rcauto_sim_pkg
[5.399s] -- Install configuration: ""
[5.399s] -- Execute custom install script
[5.400s] -- Up-to-date symlink: /home/spech/tfm_ws/install/rcauto_sim_pkg/share/rcauto_sim_pkg/launch/nav2_wayfollow.launch.py
[5.400s] -- Up-to-date symlink: /home/spech/tfm_ws/install/rcauto_sim_pkg/share/rcauto_sim_pkg/launch/tfm_sim.launch.py
[5.401s] -- Symlinking: /home/spech/tfm_ws/install/rcauto_sim_pkg/lib/rcauto_sim_pkg/racing_line_extractor.py
[5.415s] -- Symlinking: /home/spech/tfm_ws/install/rcauto_sim_pkg/lib/rcauto_sim_pkg/follow_racing_line.py
[5.430s] -- Symlinking: /home/spech/tfm_ws/install/rcauto_sim_pkg/share/rcauto_sim_pkg/config/nav2_config.yaml
[5.444s] -- Symlinking: /home/spech/tfm_ws/install/rcauto_sim_pkg/share/rcauto_sim_pkg/config/navigate_w_replanning_and_recovery.xml
[5.458s] -- Symlinking: /home/spech/tfm_ws/install/rcauto_sim_pkg/share/rcauto_sim_pkg/config/racing_line.yaml
[5.475s] -- Symlinking: /home/spech/tfm_ws/install/rcauto_sim_pkg/share/rcauto_sim_pkg/config/slam_config.yaml
[5.489s] -- Symlinking: /home/spech/tfm_ws/install/rcauto_sim_pkg/share/rcauto_sim_pkg/config/slam_localization.yaml
[5.503s] -- Up-to-date symlink: /home/spech/tfm_ws/install/rcauto_sim_pkg/share/ament_index/resource_index/package_run_dependencies/rcauto_sim_pkg
[5.504s] -- Up-to-date symlink: /home/spech/tfm_ws/install/rcauto_sim_pkg/share/ament_index/resource_index/parent_prefix_path/rcauto_sim_pkg
[5.504s] -- Up-to-date symlink: /home/spech/tfm_ws/install/rcauto_sim_pkg/share/rcauto_sim_pkg/environment/ament_prefix_path.sh
[5.505s] -- Up-to-date symlink: /home/spech/tfm_ws/install/rcauto_sim_pkg/share/rcauto_sim_pkg/environment/ament_prefix_path.dsv
[5.505s] -- Up-to-date symlink: /home/spech/tfm_ws/install/rcauto_sim_pkg/share/rcauto_sim_pkg/environment/path.sh
[5.506s] -- Up-to-date symlink: /home/spech/tfm_ws/install/rcauto_sim_pkg/share/rcauto_sim_pkg/environment/path.dsv
[5.507s] -- Up-to-date symlink: /home/spech/tfm_ws/install/rcauto_sim_pkg/share/rcauto_sim_pkg/local_setup.bash
[5.507s] -- Up-to-date symlink: /home/spech/tfm_ws/install/rcauto_sim_pkg/share/rcauto_sim_pkg/local_setup.sh
[5.508s] -- Up-to-date symlink: /home/spech/tfm_ws/install/rcauto_sim_pkg/share/rcauto_sim_pkg/local_setup.zsh
[5.508s] -- Up-to-date symlink: /home/spech/tfm_ws/install/rcauto_sim_pkg/share/rcauto_sim_pkg/local_setup.dsv
[5.509s] -- Symlinking: /home/spech/tfm_ws/install/rcauto_sim_pkg/share/rcauto_sim_pkg/package.dsv
[5.523s] -- Up-to-date symlink: /home/spech/tfm_ws/install/rcauto_sim_pkg/share/ament_index/resource_index/packages/rcauto_sim_pkg
[5.524s] -- Up-to-date symlink: /home/spech/tfm_ws/install/rcauto_sim_pkg/share/rcauto_sim_pkg/cmake/rcauto_sim_pkgConfig.cmake
[5.524s] -- Up-to-date symlink: /home/spech/tfm_ws/install/rcauto_sim_pkg/share/rcauto_sim_pkg/cmake/rcauto_sim_pkgConfig-version.cmake
[5.525s] -- Up-to-date symlink: /home/spech/tfm_ws/install/rcauto_sim_pkg/share/rcauto_sim_pkg/package.xml
[5.528s] Invoked command in '/home/spech/tfm_ws/build/rcauto_sim_pkg' returned '0': CMAKE_PREFIX_PATH=${CMAKE_PREFIX_PATH}:/home/spech/tfm_ws/install/teleop_twist_keyboard:/opt/ros/foxy /usr/bin/cmake --install /home/spech/tfm_ws/build/rcauto_sim_pkg
