[0.251s] Invoking command in '/home/spech/tfm_ws/build/rcauto_sim_pkg': CMAKE_PREFIX_PATH=${CMAKE_PREFIX_PATH}:/home/spech/tfm_ws/install/teleop_twist_keyboard:/opt/ros/foxy /usr/bin/cmake --build /home/spech/tfm_ws/build/rcauto_sim_pkg -- -j4 -l4
[1.414s] Invoked command in '/home/spech/tfm_ws/build/rcauto_sim_pkg' returned '0': CMAKE_PREFIX_PATH=${CMAKE_PREFIX_PATH}:/home/spech/tfm_ws/install/teleop_twist_keyboard:/opt/ros/foxy /usr/bin/cmake --build /home/spech/tfm_ws/build/rcauto_sim_pkg -- -j4 -l4
[1.446s] Invoking command in '/home/spech/tfm_ws/build/rcauto_sim_pkg': CMAKE_PREFIX_PATH=${CMAKE_PREFIX_PATH}:/home/spech/tfm_ws/install/teleop_twist_keyboard:/opt/ros/foxy /usr/bin/cmake --install /home/spech/tfm_ws/build/rcauto_sim_pkg
[1.460s] -- Install configuration: ""
[1.460s] -- Up-to-date: /home/spech/tfm_ws/install/rcauto_sim_pkg/share/rcauto_sim_pkg/launch
[1.477s] -- Up-to-date: /home/spech/tfm_ws/install/rcauto_sim_pkg/share/rcauto_sim_pkg/launch/tfm_sim.launch.py
[1.478s] -- Up-to-date: /home/spech/tfm_ws/install/rcauto_sim_pkg/share/ament_index/resource_index/package_run_dependencies/rcauto_sim_pkg
[1.479s] -- Up-to-date: /home/spech/tfm_ws/install/rcauto_sim_pkg/share/ament_index/resource_index/parent_prefix_path/rcauto_sim_pkg
[1.480s] -- Up-to-date: /home/spech/tfm_ws/install/rcauto_sim_pkg/share/rcauto_sim_pkg/environment/ament_prefix_path.sh
[1.481s] -- Up-to-date: /home/spech/tfm_ws/install/rcauto_sim_pkg/share/rcauto_sim_pkg/environment/ament_prefix_path.dsv
[1.482s] -- Up-to-date: /home/spech/tfm_ws/install/rcauto_sim_pkg/share/rcauto_sim_pkg/environment/path.sh
[1.483s] -- Up-to-date: /home/spech/tfm_ws/install/rcauto_sim_pkg/share/rcauto_sim_pkg/environment/path.dsv
[1.483s] -- Up-to-date: /home/spech/tfm_ws/install/rcauto_sim_pkg/share/rcauto_sim_pkg/local_setup.bash
[1.484s] -- Up-to-date: /home/spech/tfm_ws/install/rcauto_sim_pkg/share/rcauto_sim_pkg/local_setup.sh
[1.485s] -- Up-to-date: /home/spech/tfm_ws/install/rcauto_sim_pkg/share/rcauto_sim_pkg/local_setup.zsh
[1.485s] -- Up-to-date: /home/spech/tfm_ws/install/rcauto_sim_pkg/share/rcauto_sim_pkg/local_setup.dsv
[1.486s] -- Installing: /home/spech/tfm_ws/install/rcauto_sim_pkg/share/rcauto_sim_pkg/package.dsv
[1.501s] -- Up-to-date: /home/spech/tfm_ws/install/rcauto_sim_pkg/share/ament_index/resource_index/packages/rcauto_sim_pkg
[1.502s] -- Up-to-date: /home/spech/tfm_ws/install/rcauto_sim_pkg/share/rcauto_sim_pkg/cmake/rcauto_sim_pkgConfig.cmake
[1.503s] -- Up-to-date: /home/spech/tfm_ws/install/rcauto_sim_pkg/share/rcauto_sim_pkg/cmake/rcauto_sim_pkgConfig-version.cmake
[1.503s] -- Up-to-date: /home/spech/tfm_ws/install/rcauto_sim_pkg/share/rcauto_sim_pkg/package.xml
[1.517s] Invoked command in '/home/spech/tfm_ws/build/rcauto_sim_pkg' returned '0': CMAKE_PREFIX_PATH=${CMAKE_PREFIX_PATH}:/home/spech/tfm_ws/install/teleop_twist_keyboard:/opt/ros/foxy /usr/bin/cmake --install /home/spech/tfm_ws/build/rcauto_sim_pkg
