[0.369s] Invoking command in '/home/spech/tfm_ws/build/rcauto_sim_pkg': CMAKE_PREFIX_PATH=${CMAKE_PREFIX_PATH}:/home/spech/tfm_ws/install/teleop_twist_keyboard:/opt/ros/foxy /usr/bin/cmake --build /home/spech/tfm_ws/build/rcauto_sim_pkg -- -j4 -l4
[4.231s] Invoked command in '/home/spech/tfm_ws/build/rcauto_sim_pkg' returned '0': CMAKE_PREFIX_PATH=${CMAKE_PREFIX_PATH}:/home/spech/tfm_ws/install/teleop_twist_keyboard:/opt/ros/foxy /usr/bin/cmake --build /home/spech/tfm_ws/build/rcauto_sim_pkg -- -j4 -l4
[4.353s] Invoking command in '/home/spech/tfm_ws/build/rcauto_sim_pkg': CMAKE_PREFIX_PATH=${CMAKE_PREFIX_PATH}:/home/spech/tfm_ws/install/teleop_twist_keyboard:/opt/ros/foxy /usr/bin/cmake --install /home/spech/tfm_ws/build/rcauto_sim_pkg
[4.404s] -- Install configuration: ""
[4.418s] -- Execute custom install script
[4.483s] -- Up-to-date symlink: /home/spech/tfm_ws/install/rcauto_sim_pkg/share/rcauto_sim_pkg/launch/tfm_sim.launch.py
[4.484s] -- Up-to-date symlink: /home/spech/tfm_ws/install/rcauto_sim_pkg/share/ament_index/resource_index/package_run_dependencies/rcauto_sim_pkg
[4.529s] -- Up-to-date symlink: /home/spech/tfm_ws/install/rcauto_sim_pkg/share/ament_index/resource_index/parent_prefix_path/rcauto_sim_pkg
[4.573s] -- Up-to-date symlink: /home/spech/tfm_ws/install/rcauto_sim_pkg/share/rcauto_sim_pkg/environment/ament_prefix_path.sh
[4.577s] -- Up-to-date symlink: /home/spech/tfm_ws/install/rcauto_sim_pkg/share/rcauto_sim_pkg/environment/ament_prefix_path.dsv
[4.617s] -- Up-to-date symlink: /home/spech/tfm_ws/install/rcauto_sim_pkg/share/rcauto_sim_pkg/environment/path.sh
[4.619s] -- Up-to-date symlink: /home/spech/tfm_ws/install/rcauto_sim_pkg/share/rcauto_sim_pkg/environment/path.dsv
[4.662s] -- Up-to-date symlink: /home/spech/tfm_ws/install/rcauto_sim_pkg/share/rcauto_sim_pkg/local_setup.bash
[4.707s] -- Up-to-date symlink: /home/spech/tfm_ws/install/rcauto_sim_pkg/share/rcauto_sim_pkg/local_setup.sh
[4.752s] -- Up-to-date symlink: /home/spech/tfm_ws/install/rcauto_sim_pkg/share/rcauto_sim_pkg/local_setup.zsh
[4.754s] -- Up-to-date symlink: /home/spech/tfm_ws/install/rcauto_sim_pkg/share/rcauto_sim_pkg/local_setup.dsv
[4.756s] -- Symlinking: /home/spech/tfm_ws/install/rcauto_sim_pkg/share/rcauto_sim_pkg/package.dsv
[4.884s] -- Up-to-date symlink: /home/spech/tfm_ws/install/rcauto_sim_pkg/share/ament_index/resource_index/packages/rcauto_sim_pkg
[4.886s] -- Up-to-date symlink: /home/spech/tfm_ws/install/rcauto_sim_pkg/share/rcauto_sim_pkg/cmake/rcauto_sim_pkgConfig.cmake
[4.896s] -- Up-to-date symlink: /home/spech/tfm_ws/install/rcauto_sim_pkg/share/rcauto_sim_pkg/cmake/rcauto_sim_pkgConfig-version.cmake
[4.897s] -- Up-to-date symlink: /home/spech/tfm_ws/install/rcauto_sim_pkg/share/rcauto_sim_pkg/package.xml
[4.903s] Invoked command in '/home/spech/tfm_ws/build/rcauto_sim_pkg' returned '0': CMAKE_PREFIX_PATH=${CMAKE_PREFIX_PATH}:/home/spech/tfm_ws/install/teleop_twist_keyboard:/opt/ros/foxy /usr/bin/cmake --install /home/spech/tfm_ws/build/rcauto_sim_pkg
