[0.238s] Invoking command in '/home/spech/tfm_ws/build/rcauto_sim_pkg': CMAKE_PREFIX_PATH=${CMAKE_PREFIX_PATH}:/home/spech/tfm_ws/install/teleop_twist_keyboard:/opt/ros/foxy /usr/bin/cmake --build /home/spech/tfm_ws/build/rcauto_sim_pkg -- -j4 -l4
[1.578s] Invoked command in '/home/spech/tfm_ws/build/rcauto_sim_pkg' returned '0': CMAKE_PREFIX_PATH=${CMAKE_PREFIX_PATH}:/home/spech/tfm_ws/install/teleop_twist_keyboard:/opt/ros/foxy /usr/bin/cmake --build /home/spech/tfm_ws/build/rcauto_sim_pkg -- -j4 -l4
[1.687s] Invoking command in '/home/spech/tfm_ws/build/rcauto_sim_pkg': CMAKE_PREFIX_PATH=${CMAKE_PREFIX_PATH}:/home/spech/tfm_ws/install/teleop_twist_keyboard:/opt/ros/foxy /usr/bin/cmake --install /home/spech/tfm_ws/build/rcauto_sim_pkg
[1.718s] -- Install configuration: ""
[1.730s] -- Execute custom install script
[1.762s] -- Up-to-date symlink: /home/spech/tfm_ws/install/rcauto_sim_pkg/share/rcauto_sim_pkg/launch/nav2_smac.launch.py
[1.777s] -- Up-to-date symlink: /home/spech/tfm_ws/install/rcauto_sim_pkg/share/rcauto_sim_pkg/launch/tfm_sim.launch.py
[1.780s] -- Up-to-date symlink: /home/spech/tfm_ws/install/rcauto_sim_pkg/share/ament_index/resource_index/package_run_dependencies/rcauto_sim_pkg
[1.784s] -- Up-to-date symlink: /home/spech/tfm_ws/install/rcauto_sim_pkg/share/ament_index/resource_index/parent_prefix_path/rcauto_sim_pkg
[1.796s] -- Up-to-date symlink: /home/spech/tfm_ws/install/rcauto_sim_pkg/share/rcauto_sim_pkg/environment/ament_prefix_path.sh
[1.799s] -- Up-to-date symlink: /home/spech/tfm_ws/install/rcauto_sim_pkg/share/rcauto_sim_pkg/environment/ament_prefix_path.dsv
[1.802s] -- Up-to-date symlink: /home/spech/tfm_ws/install/rcauto_sim_pkg/share/rcauto_sim_pkg/environment/path.sh
[1.805s] -- Up-to-date symlink: /home/spech/tfm_ws/install/rcauto_sim_pkg/share/rcauto_sim_pkg/environment/path.dsv
[1.808s] -- Up-to-date symlink: /home/spech/tfm_ws/install/rcauto_sim_pkg/share/rcauto_sim_pkg/local_setup.bash
[1.811s] -- Up-to-date symlink: /home/spech/tfm_ws/install/rcauto_sim_pkg/share/rcauto_sim_pkg/local_setup.sh
[1.814s] -- Up-to-date symlink: /home/spech/tfm_ws/install/rcauto_sim_pkg/share/rcauto_sim_pkg/local_setup.zsh
[1.817s] -- Up-to-date symlink: /home/spech/tfm_ws/install/rcauto_sim_pkg/share/rcauto_sim_pkg/local_setup.dsv
[1.819s] -- Symlinking: /home/spech/tfm_ws/install/rcauto_sim_pkg/share/rcauto_sim_pkg/package.dsv
[1.857s] -- Up-to-date symlink: /home/spech/tfm_ws/install/rcauto_sim_pkg/share/ament_index/resource_index/packages/rcauto_sim_pkg
[1.858s] -- Up-to-date symlink: /home/spech/tfm_ws/install/rcauto_sim_pkg/share/rcauto_sim_pkg/cmake/rcauto_sim_pkgConfig.cmake
[1.867s] -- Up-to-date symlink: /home/spech/tfm_ws/install/rcauto_sim_pkg/share/rcauto_sim_pkg/cmake/rcauto_sim_pkgConfig-version.cmake
[1.868s] -- Up-to-date symlink: /home/spech/tfm_ws/install/rcauto_sim_pkg/share/rcauto_sim_pkg/package.xml
[1.872s] Invoked command in '/home/spech/tfm_ws/build/rcauto_sim_pkg' returned '0': CMAKE_PREFIX_PATH=${CMAKE_PREFIX_PATH}:/home/spech/tfm_ws/install/teleop_twist_keyboard:/opt/ros/foxy /usr/bin/cmake --install /home/spech/tfm_ws/build/rcauto_sim_pkg
