[0.050s] Invoking command in '/home/spech/tfm_ws/build/rcauto_sim_pkg': CMAKE_PREFIX_PATH=${CMAKE_PREFIX_PATH}:/home/spech/tfm_ws/install/teleop_twist_keyboard:/opt/ros/foxy /usr/bin/cmake /home/spech/tfm_ws/src/rcauto_sim_pkg -DCMAKE_INSTALL_PREFIX=/home/spech/tfm_ws/install/rcauto_sim_pkg
[0.304s] -- Found ament_cmake: 0.9.12 (/opt/ros/foxy/share/ament_cmake/cmake)
[0.456s] -- Using PYTHON_EXECUTABLE: /usr/bin/python3
[0.765s] -- Override CMake install command with custom implementation using symlinks instead of copying resources
[0.911s] -- Found rclcpp: 2.4.3 (/opt/ros/foxy/share/rclcpp/cmake)
[1.105s] -- Using all available rosidl_typesupport_c: rosidl_typesupport_fastrtps_c;rosidl_typesupport_introspection_c
[1.133s] -- Found rosidl_adapter: 1.3.1 (/opt/ros/foxy/share/rosidl_adapter/cmake)
[1.792s] -- Using all available rosidl_typesupport_cpp: rosidl_typesupport_fastrtps_cpp;rosidl_typesupport_introspection_cpp
[1.967s] -- Found rmw_implementation_cmake: 1.0.4 (/opt/ros/foxy/share/rmw_implementation_cmake/cmake)
[1.978s] -- Using RMW implementation 'rmw_fastrtps_cpp' as default
[2.362s] -- Found rclpy: 1.0.13 (/opt/ros/foxy/share/rclpy/cmake)
[2.386s] -- Found gazebo_ros: 3.5.3 (/opt/ros/foxy/share/gazebo_ros/cmake)
[2.763s] -- Found DART: /usr/include (Required is at least version "6.6") found components: dart 
[3.109s] -- Found Protobuf: /usr/lib/x86_64-linux-gnu/libprotobuf.so;-lpthread (found version "3.6.1") 
[3.146s] -- Looking for ignition-math6 -- found version 6.15.1
[3.273s] -- Searching for dependencies of ignition-math6
[3.295s] -- Looking for OGRE...
[3.325s] -- Found Ogre Ghadamon (1.9.0)
[3.331s] -- Found OGRE: optimized;/usr/lib/x86_64-linux-gnu/libOgreMain.so;debug;/usr/lib/x86_64-linux-gnu/libOgreMain.so
[3.354s] -- Looking for OGRE_Paging...
[3.355s] -- Found OGRE_Paging: optimized;/usr/lib/x86_64-linux-gnu/libOgrePaging.so;debug;/usr/lib/x86_64-linux-gnu/libOgrePaging.so
[3.355s] -- Looking for OGRE_Terrain...
[3.355s] -- Found OGRE_Terrain: optimized;/usr/lib/x86_64-linux-gnu/libOgreTerrain.so;debug;/usr/lib/x86_64-linux-gnu/libOgreTerrain.so
[3.355s] -- Looking for OGRE_Property...
[3.355s] -- Found OGRE_Property: optimized;/usr/lib/x86_64-linux-gnu/libOgreProperty.so;debug;/usr/lib/x86_64-linux-gnu/libOgreProperty.so
[3.356s] -- Looking for OGRE_RTShaderSystem...
[3.356s] -- Found OGRE_RTShaderSystem: optimized;/usr/lib/x86_64-linux-gnu/libOgreRTShaderSystem.so;debug;/usr/lib/x86_64-linux-gnu/libOgreRTShaderSystem.so
[3.356s] -- Looking for OGRE_Volume...
[3.356s] -- Found OGRE_Volume: optimized;/usr/lib/x86_64-linux-gnu/libOgreVolume.so;debug;/usr/lib/x86_64-linux-gnu/libOgreVolume.so
[3.356s] -- Looking for OGRE_Overlay...
[3.356s] -- Found OGRE_Overlay: optimized;/usr/lib/x86_64-linux-gnu/libOgreOverlay.so;debug;/usr/lib/x86_64-linux-gnu/libOgreOverlay.so
[3.596s] -- Looking for ignition-math6 -- found version 6.15.1
[3.620s] -- Looking for ignition-transport8 -- found version 8.3.0
[3.621s] -- Searching for dependencies of ignition-transport8
[3.657s] -- Found Protobuf: /usr/lib/x86_64-linux-gnu/libprotobuf.so;-lpthread (found suitable version "3.6.1", minimum required is "3") 
[3.673s] -- Config-file not installed for ZeroMQ -- checking for pkg-config
[3.680s] -- Checking for module 'libzmq >= 4'
[3.842s] --   Found libzmq , version 4.3.2
[3.933s] -- Checking for module 'uuid'
[3.973s] --   Found uuid, version 2.34.0
[4.055s] -- Looking for ignition-msgs5 -- found version 5.10.0
[4.056s] -- Searching for dependencies of ignition-msgs5
[4.083s] -- Looking for ignition-math6 -- found version 6.15.1
[4.094s] -- Checking for module 'tinyxml2'
[4.137s] --   Found tinyxml2, version 6.2.0
[4.221s] -- Looking for ignition-msgs5 -- found version 5.10.0
[4.234s] -- Looking for ignition-common3 -- found version 3.14.2
[4.235s] -- Searching for dependencies of ignition-common3
[4.235s] -- Looking for dlfcn.h - found
[4.235s] -- Looking for libdl - found
[4.255s] -- Searching for <ignition-common3> component [graphics]
[4.268s] -- Looking for ignition-common3-graphics -- found version 3.14.2
[4.269s] -- Searching for dependencies of ignition-common3-graphics
[4.270s] -- Looking for ignition-math6 -- found version 6.15.1
[4.279s] -- Looking for ignition-fuel_tools4 -- found version 4.6.0
[4.281s] -- Searching for dependencies of ignition-fuel_tools4
[4.372s] -- Checking for module 'jsoncpp'
[4.406s] --   Found jsoncpp, version 1.7.4
[4.482s] -- Checking for module 'libzip'
[4.522s] --   Found libzip, version 1.5.1
[4.586s] -- Looking for ignition-common3 -- found version 3.14.2
[4.587s] -- Looking for ignition-math6 -- found version 6.15.1
[4.587s] -- Looking for ignition-msgs5 -- found version 5.10.0
[4.589s] -- Gazebo version: 11.11
[4.617s] -- Found sensor_msgs: 2.0.5 (/opt/ros/foxy/share/sensor_msgs/cmake)
[4.864s] -- Found ament_lint_auto: 0.9.8 (/opt/ros/foxy/share/ament_lint_auto/cmake)
[5.155s] -- Added test 'copyright' to check source files copyright and LICENSE
[5.188s] -- Added test 'flake8' to check Python code syntax and style conventions
[5.191s] -- Added test 'lint_cmake' to check CMake code style
[5.193s] -- Added test 'pep257' to check Python code against some of the style conventions in PEP 257
[5.200s] -- Added test 'xmllint' to check XML markup files
[5.218s] -- Configuring done
[5.288s] -- Generating done
[5.304s] -- Build files have been written to: /home/spech/tfm_ws/build/rcauto_sim_pkg
[5.327s] Invoked command in '/home/spech/tfm_ws/build/rcauto_sim_pkg' returned '0': CMAKE_PREFIX_PATH=${CMAKE_PREFIX_PATH}:/home/spech/tfm_ws/install/teleop_twist_keyboard:/opt/ros/foxy /usr/bin/cmake /home/spech/tfm_ws/src/rcauto_sim_pkg -DCMAKE_INSTALL_PREFIX=/home/spech/tfm_ws/install/rcauto_sim_pkg
[5.330s] Invoking command in '/home/spech/tfm_ws/build/rcauto_sim_pkg': CMAKE_PREFIX_PATH=${CMAKE_PREFIX_PATH}:/home/spech/tfm_ws/install/teleop_twist_keyboard:/opt/ros/foxy /usr/bin/cmake --build /home/spech/tfm_ws/build/rcauto_sim_pkg -- -j4 -l4
[5.391s] Invoked command in '/home/spech/tfm_ws/build/rcauto_sim_pkg' returned '0': CMAKE_PREFIX_PATH=${CMAKE_PREFIX_PATH}:/home/spech/tfm_ws/install/teleop_twist_keyboard:/opt/ros/foxy /usr/bin/cmake --build /home/spech/tfm_ws/build/rcauto_sim_pkg -- -j4 -l4
[5.411s] Invoking command in '/home/spech/tfm_ws/build/rcauto_sim_pkg': CMAKE_PREFIX_PATH=${CMAKE_PREFIX_PATH}:/home/spech/tfm_ws/install/teleop_twist_keyboard:/opt/ros/foxy /usr/bin/cmake --install /home/spech/tfm_ws/build/rcauto_sim_pkg
[5.423s] -- Install configuration: ""
[5.423s] -- Execute custom install script
[5.425s] -- Up-to-date symlink: /home/spech/tfm_ws/install/rcauto_sim_pkg/share/rcauto_sim_pkg/launch/tfm_sim.launch.py
[5.425s] -- Up-to-date symlink: /home/spech/tfm_ws/install/rcauto_sim_pkg/share/ament_index/resource_index/package_run_dependencies/rcauto_sim_pkg
[5.426s] -- Up-to-date symlink: /home/spech/tfm_ws/install/rcauto_sim_pkg/share/ament_index/resource_index/parent_prefix_path/rcauto_sim_pkg
[5.426s] -- Up-to-date symlink: /home/spech/tfm_ws/install/rcauto_sim_pkg/share/rcauto_sim_pkg/environment/ament_prefix_path.sh
[5.427s] -- Up-to-date symlink: /home/spech/tfm_ws/install/rcauto_sim_pkg/share/rcauto_sim_pkg/environment/ament_prefix_path.dsv
[5.427s] -- Up-to-date symlink: /home/spech/tfm_ws/install/rcauto_sim_pkg/share/rcauto_sim_pkg/environment/path.sh
[5.428s] -- Up-to-date symlink: /home/spech/tfm_ws/install/rcauto_sim_pkg/share/rcauto_sim_pkg/environment/path.dsv
[5.428s] -- Up-to-date symlink: /home/spech/tfm_ws/install/rcauto_sim_pkg/share/rcauto_sim_pkg/local_setup.bash
[5.429s] -- Up-to-date symlink: /home/spech/tfm_ws/install/rcauto_sim_pkg/share/rcauto_sim_pkg/local_setup.sh
[5.429s] -- Up-to-date symlink: /home/spech/tfm_ws/install/rcauto_sim_pkg/share/rcauto_sim_pkg/local_setup.zsh
[5.430s] -- Up-to-date symlink: /home/spech/tfm_ws/install/rcauto_sim_pkg/share/rcauto_sim_pkg/local_setup.dsv
[5.431s] -- Symlinking: /home/spech/tfm_ws/install/rcauto_sim_pkg/share/rcauto_sim_pkg/package.dsv
[5.444s] -- Up-to-date symlink: /home/spech/tfm_ws/install/rcauto_sim_pkg/share/ament_index/resource_index/packages/rcauto_sim_pkg
[5.444s] -- Up-to-date symlink: /home/spech/tfm_ws/install/rcauto_sim_pkg/share/rcauto_sim_pkg/cmake/rcauto_sim_pkgConfig.cmake
[5.445s] -- Up-to-date symlink: /home/spech/tfm_ws/install/rcauto_sim_pkg/share/rcauto_sim_pkg/cmake/rcauto_sim_pkgConfig-version.cmake
[5.445s] -- Up-to-date symlink: /home/spech/tfm_ws/install/rcauto_sim_pkg/share/rcauto_sim_pkg/package.xml
[5.448s] Invoked command in '/home/spech/tfm_ws/build/rcauto_sim_pkg' returned '0': CMAKE_PREFIX_PATH=${CMAKE_PREFIX_PATH}:/home/spech/tfm_ws/install/teleop_twist_keyboard:/opt/ros/foxy /usr/bin/cmake --install /home/spech/tfm_ws/build/rcauto_sim_pkg
