[17.378s] DEBUG:colcon:Command line arguments: ['/usr/bin/colcon', 'build']
[17.378s] DEBUG:colcon:Parsed command line arguments: Namespace(allow_overriding=[], ament_cmake_args=None, base_paths=['.'], build_base='build', catkin_cmake_args=None, catkin_skip_building_tests=False, cmake_args=None, cmake_clean_cache=False, cmake_clean_first=False, cmake_force_configure=False, cmake_target=None, cmake_target_skip_unavailable=False, continue_on_error=False, event_handlers=None, executor='parallel', ignore_user_meta=False, install_base='install', log_base=None, log_level=None, main=<bound method BuildVerb.main of <colcon_core.verb.build.BuildVerb object at 0x7fa7410dc0a0>>, merge_install=False, metas=['./colcon.meta'], mixin=None, mixin_files=None, mixin_verb=('build',), packages_above=None, packages_above_and_dependencies=None, packages_above_depth=None, packages_end=None, packages_ignore=None, packages_ignore_regex=None, packages_select=None, packages_select_build_failed=False, packages_select_by_dep=None, packages_select_regex=None, packages_select_test_failures=False, packages_skip=None, packages_skip_build_finished=False, packages_skip_by_dep=None, packages_skip_regex=None, packages_skip_test_passed=False, packages_skip_up_to=None, packages_start=None, packages_up_to=None, packages_up_to_regex=None, parallel_workers=4, paths=None, symlink_install=False, test_result_base=None, verb_extension=<colcon_core.verb.build.BuildVerb object at 0x7fa7410dc0a0>, verb_name='build', verb_parser=<colcon_mixin.mixin.mixin_argument.MixinArgumentDecorator object at 0x7fa740fb8550>)
[18.665s] Level 1:colcon.colcon_core.package_discovery:discover_packages(colcon_meta) check parameters
[18.666s] Level 1:colcon.colcon_core.package_discovery:discover_packages(recursive) check parameters
[18.666s] Level 1:colcon.colcon_core.package_discovery:discover_packages(ignore) check parameters
[18.666s] Level 1:colcon.colcon_core.package_discovery:discover_packages(path) check parameters
[18.666s] Level 1:colcon.colcon_core.package_discovery:discover_packages(colcon_meta) discover
[18.667s] Level 1:colcon.colcon_core.package_discovery:discover_packages(recursive) discover
[18.667s] INFO:colcon.colcon_core.package_discovery:Crawling recursively for packages in '/home/spech/tfm_ws'
[18.667s] Level 1:colcon.colcon_core.package_identification:_identify(.) by extensions ['ignore', 'ignore_ament_install']
[18.668s] Level 1:colcon.colcon_core.package_identification:_identify(.) by extension 'ignore'
[18.668s] Level 1:colcon.colcon_core.package_identification:_identify(.) by extension 'ignore_ament_install'
[18.669s] Level 1:colcon.colcon_core.package_identification:_identify(.) by extensions ['colcon_pkg']
[18.669s] Level 1:colcon.colcon_core.package_identification:_identify(.) by extension 'colcon_pkg'
[18.669s] Level 1:colcon.colcon_core.package_identification:_identify(.) by extensions ['colcon_meta']
[18.670s] Level 1:colcon.colcon_core.package_identification:_identify(.) by extension 'colcon_meta'
[18.670s] Level 1:colcon.colcon_core.package_identification:_identify(.) by extensions ['ros']
[18.670s] Level 1:colcon.colcon_core.package_identification:_identify(.) by extension 'ros'
[18.767s] Level 1:colcon.colcon_core.package_identification:_identify(.) by extensions ['cmake', 'python']
[18.767s] Level 1:colcon.colcon_core.package_identification:_identify(.) by extension 'cmake'
[18.767s] Level 1:colcon.colcon_core.package_identification:_identify(.) by extension 'python'
[18.767s] Level 1:colcon.colcon_core.package_identification:_identify(.) by extensions ['python_setup_py']
[18.767s] Level 1:colcon.colcon_core.package_identification:_identify(.) by extension 'python_setup_py'
[18.767s] Level 1:colcon.colcon_core.package_identification:_identify(build) by extensions ['ignore', 'ignore_ament_install']
[18.768s] Level 1:colcon.colcon_core.package_identification:_identify(build) by extension 'ignore'
[18.768s] Level 1:colcon.colcon_core.package_identification:_identify(build) ignored
[18.768s] Level 1:colcon.colcon_core.package_identification:_identify(install) by extensions ['ignore', 'ignore_ament_install']
[18.768s] Level 1:colcon.colcon_core.package_identification:_identify(install) by extension 'ignore'
[18.768s] Level 1:colcon.colcon_core.package_identification:_identify(install) ignored
[18.768s] Level 1:colcon.colcon_core.package_identification:_identify(log) by extensions ['ignore', 'ignore_ament_install']
[18.769s] Level 1:colcon.colcon_core.package_identification:_identify(log) by extension 'ignore'
[18.769s] Level 1:colcon.colcon_core.package_identification:_identify(log) ignored
[18.791s] Level 1:colcon.colcon_core.package_identification:_identify(src) by extensions ['ignore', 'ignore_ament_install']
[18.791s] Level 1:colcon.colcon_core.package_identification:_identify(src) by extension 'ignore'
[18.791s] Level 1:colcon.colcon_core.package_identification:_identify(src) by extension 'ignore_ament_install'
[18.792s] Level 1:colcon.colcon_core.package_identification:_identify(src) by extensions ['colcon_pkg']
[18.792s] Level 1:colcon.colcon_core.package_identification:_identify(src) by extension 'colcon_pkg'
[18.792s] Level 1:colcon.colcon_core.package_identification:_identify(src) by extensions ['colcon_meta']
[18.792s] Level 1:colcon.colcon_core.package_identification:_identify(src) by extension 'colcon_meta'
[18.792s] Level 1:colcon.colcon_core.package_identification:_identify(src) by extensions ['ros']
[18.792s] Level 1:colcon.colcon_core.package_identification:_identify(src) by extension 'ros'
[18.792s] Level 1:colcon.colcon_core.package_identification:_identify(src) by extensions ['cmake', 'python']
[18.792s] Level 1:colcon.colcon_core.package_identification:_identify(src) by extension 'cmake'
[18.792s] Level 1:colcon.colcon_core.package_identification:_identify(src) by extension 'python'
[18.792s] Level 1:colcon.colcon_core.package_identification:_identify(src) by extensions ['python_setup_py']
[18.792s] Level 1:colcon.colcon_core.package_identification:_identify(src) by extension 'python_setup_py'
[18.793s] Level 1:colcon.colcon_core.package_identification:_identify(src/rcauto_sim_pkg) by extensions ['ignore', 'ignore_ament_install']
[18.793s] Level 1:colcon.colcon_core.package_identification:_identify(src/rcauto_sim_pkg) by extension 'ignore'
[18.794s] Level 1:colcon.colcon_core.package_identification:_identify(src/rcauto_sim_pkg) by extension 'ignore_ament_install'
[18.794s] Level 1:colcon.colcon_core.package_identification:_identify(src/rcauto_sim_pkg) by extensions ['colcon_pkg']
[18.794s] Level 1:colcon.colcon_core.package_identification:_identify(src/rcauto_sim_pkg) by extension 'colcon_pkg'
[18.794s] Level 1:colcon.colcon_core.package_identification:_identify(src/rcauto_sim_pkg) by extensions ['colcon_meta']
[18.794s] Level 1:colcon.colcon_core.package_identification:_identify(src/rcauto_sim_pkg) by extension 'colcon_meta'
[18.794s] Level 1:colcon.colcon_core.package_identification:_identify(src/rcauto_sim_pkg) by extensions ['ros']
[18.794s] Level 1:colcon.colcon_core.package_identification:_identify(src/rcauto_sim_pkg) by extension 'ros'
[18.825s] DEBUG:colcon.colcon_core.package_identification:Package 'src/rcauto_sim_pkg' with type 'ros.ament_cmake' and name 'rcauto_sim_pkg'
[18.825s] Level 1:colcon.colcon_core.package_discovery:discover_packages(recursive) using defaults
[18.825s] Level 1:colcon.colcon_core.package_discovery:discover_packages(ignore) discover
[18.825s] Level 1:colcon.colcon_core.package_discovery:discover_packages(ignore) using defaults
[18.825s] Level 1:colcon.colcon_core.package_discovery:discover_packages(path) discover
[18.825s] Level 1:colcon.colcon_core.package_discovery:discover_packages(path) using defaults
[19.103s] Level 1:colcon.colcon_core.package_discovery:discover_packages(prefix_path) check parameters
[19.104s] Level 1:colcon.colcon_core.package_discovery:discover_packages(prefix_path) discover
[19.139s] DEBUG:colcon.colcon_installed_package_information.package_discovery:Found 1 installed packages in /home/spech/tfm_ws/install
[19.149s] DEBUG:colcon.colcon_installed_package_information.package_discovery:Found 298 installed packages in /opt/ros/foxy
[19.158s] Level 1:colcon.colcon_core.package_discovery:discover_packages(prefix_path) using defaults
[20.120s] Level 5:colcon.colcon_core.verb:set package 'rcauto_sim_pkg' build argument 'cmake_args' from command line to 'None'
[20.121s] Level 5:colcon.colcon_core.verb:set package 'rcauto_sim_pkg' build argument 'cmake_target' from command line to 'None'
[20.121s] Level 5:colcon.colcon_core.verb:set package 'rcauto_sim_pkg' build argument 'cmake_target_skip_unavailable' from command line to 'False'
[20.121s] Level 5:colcon.colcon_core.verb:set package 'rcauto_sim_pkg' build argument 'cmake_clean_cache' from command line to 'False'
[20.121s] Level 5:colcon.colcon_core.verb:set package 'rcauto_sim_pkg' build argument 'cmake_clean_first' from command line to 'False'
[20.121s] Level 5:colcon.colcon_core.verb:set package 'rcauto_sim_pkg' build argument 'cmake_force_configure' from command line to 'False'
[20.121s] Level 5:colcon.colcon_core.verb:set package 'rcauto_sim_pkg' build argument 'ament_cmake_args' from command line to 'None'
[20.121s] Level 5:colcon.colcon_core.verb:set package 'rcauto_sim_pkg' build argument 'catkin_cmake_args' from command line to 'None'
[20.121s] Level 5:colcon.colcon_core.verb:set package 'rcauto_sim_pkg' build argument 'catkin_skip_building_tests' from command line to 'False'
[20.121s] DEBUG:colcon.colcon_core.verb:Building package 'rcauto_sim_pkg' with the following arguments: {'ament_cmake_args': None, 'build_base': '/home/spech/tfm_ws/build/rcauto_sim_pkg', 'catkin_cmake_args': None, 'catkin_skip_building_tests': False, 'cmake_args': None, 'cmake_clean_cache': False, 'cmake_clean_first': False, 'cmake_force_configure': False, 'cmake_target': None, 'cmake_target_skip_unavailable': False, 'install_base': '/home/spech/tfm_ws/install/rcauto_sim_pkg', 'merge_install': False, 'path': '/home/spech/tfm_ws/src/rcauto_sim_pkg', 'symlink_install': False, 'test_result_base': None}
[20.121s] INFO:colcon.colcon_core.executor:Executing jobs using 'parallel' executor
[20.123s] DEBUG:colcon.colcon_parallel_executor.executor.parallel:run_until_complete
[20.123s] INFO:colcon.colcon_ros.task.ament_cmake.build:Building ROS package in '/home/spech/tfm_ws/src/rcauto_sim_pkg' with build type 'ament_cmake'
[20.124s] INFO:colcon.colcon_cmake.task.cmake.build:Building CMake package in '/home/spech/tfm_ws/src/rcauto_sim_pkg'
[20.242s] INFO:colcon.colcon_core.plugin_system:Skipping extension 'colcon_core.shell.bat': Not used on non-Windows systems
[20.243s] INFO:colcon.colcon_core.shell:Skip shell extension 'powershell' for command environment: Not usable outside of PowerShell
[20.244s] DEBUG:colcon.colcon_core.shell:Skip shell extension 'dsv' for command environment
[20.389s] DEBUG:colcon.colcon_core.event_handler.log_command:Invoking command in '/home/spech/tfm_ws/build/rcauto_sim_pkg': CMAKE_PREFIX_PATH=${CMAKE_PREFIX_PATH}:/opt/ros/foxy /usr/bin/cmake --build /home/spech/tfm_ws/build/rcauto_sim_pkg -- -j4 -l4
[21.586s] DEBUG:colcon.colcon_core.event_handler.log_command:Invoked command in '/home/spech/tfm_ws/build/rcauto_sim_pkg' returned '0': CMAKE_PREFIX_PATH=${CMAKE_PREFIX_PATH}:/opt/ros/foxy /usr/bin/cmake --build /home/spech/tfm_ws/build/rcauto_sim_pkg -- -j4 -l4
[21.613s] DEBUG:colcon.colcon_core.event_handler.log_command:Invoking command in '/home/spech/tfm_ws/build/rcauto_sim_pkg': CMAKE_PREFIX_PATH=${CMAKE_PREFIX_PATH}:/opt/ros/foxy /usr/bin/cmake --install /home/spech/tfm_ws/build/rcauto_sim_pkg
[21.695s] Level 1:colcon.colcon_core.environment:create_environment_scripts_only(rcauto_sim_pkg)
[21.699s] DEBUG:colcon.colcon_core.event_handler.log_command:Invoked command in '/home/spech/tfm_ws/build/rcauto_sim_pkg' returned '0': CMAKE_PREFIX_PATH=${CMAKE_PREFIX_PATH}:/opt/ros/foxy /usr/bin/cmake --install /home/spech/tfm_ws/build/rcauto_sim_pkg
[21.804s] Level 1:colcon.colcon_core.environment:checking '/home/spech/tfm_ws/install/rcauto_sim_pkg' for CMake module files
[21.808s] Level 1:colcon.colcon_core.environment:checking '/home/spech/tfm_ws/install/rcauto_sim_pkg' for CMake config files
[21.809s] Level 1:colcon.colcon_core.shell:create_environment_hook('rcauto_sim_pkg', 'cmake_prefix_path')
[21.811s] INFO:colcon.colcon_core.shell:Creating environment hook '/home/spech/tfm_ws/install/rcauto_sim_pkg/share/rcauto_sim_pkg/hook/cmake_prefix_path.ps1'
[21.838s] INFO:colcon.colcon_core.shell:Creating environment descriptor '/home/spech/tfm_ws/install/rcauto_sim_pkg/share/rcauto_sim_pkg/hook/cmake_prefix_path.dsv'
[21.851s] INFO:colcon.colcon_core.shell:Creating environment hook '/home/spech/tfm_ws/install/rcauto_sim_pkg/share/rcauto_sim_pkg/hook/cmake_prefix_path.sh'
[21.875s] Level 1:colcon.colcon_core.environment:checking '/home/spech/tfm_ws/install/rcauto_sim_pkg/bin'
[21.876s] Level 1:colcon.colcon_core.environment:checking '/home/spech/tfm_ws/install/rcauto_sim_pkg/lib/pkgconfig/rcauto_sim_pkg.pc'
[21.878s] Level 1:colcon.colcon_core.environment:checking '/home/spech/tfm_ws/install/rcauto_sim_pkg/lib/python3.8/site-packages'
[21.879s] Level 1:colcon.colcon_core.environment:checking '/home/spech/tfm_ws/install/rcauto_sim_pkg/bin'
[21.881s] INFO:colcon.colcon_core.shell:Creating package script '/home/spech/tfm_ws/install/rcauto_sim_pkg/share/rcauto_sim_pkg/package.ps1'
[21.887s] INFO:colcon.colcon_core.shell:Creating package descriptor '/home/spech/tfm_ws/install/rcauto_sim_pkg/share/rcauto_sim_pkg/package.dsv'
[21.905s] INFO:colcon.colcon_core.shell:Creating package script '/home/spech/tfm_ws/install/rcauto_sim_pkg/share/rcauto_sim_pkg/package.sh'
[21.911s] INFO:colcon.colcon_core.shell:Creating package script '/home/spech/tfm_ws/install/rcauto_sim_pkg/share/rcauto_sim_pkg/package.bash'
[21.942s] INFO:colcon.colcon_core.shell:Creating package script '/home/spech/tfm_ws/install/rcauto_sim_pkg/share/rcauto_sim_pkg/package.zsh'
[21.961s] Level 1:colcon.colcon_core.environment:create_file_with_runtime_dependencies(/home/spech/tfm_ws/install/rcauto_sim_pkg/share/colcon-core/packages/rcauto_sim_pkg)
[21.966s] Level 1:colcon.colcon_core.environment:create_environment_scripts_only(rcauto_sim_pkg)
[21.967s] Level 1:colcon.colcon_core.environment:checking '/home/spech/tfm_ws/install/rcauto_sim_pkg' for CMake module files
[21.970s] Level 1:colcon.colcon_core.environment:checking '/home/spech/tfm_ws/install/rcauto_sim_pkg' for CMake config files
[21.971s] Level 1:colcon.colcon_core.shell:create_environment_hook('rcauto_sim_pkg', 'cmake_prefix_path')
[21.973s] INFO:colcon.colcon_core.shell:Creating environment hook '/home/spech/tfm_ws/install/rcauto_sim_pkg/share/rcauto_sim_pkg/hook/cmake_prefix_path.ps1'
[21.975s] INFO:colcon.colcon_core.shell:Creating environment descriptor '/home/spech/tfm_ws/install/rcauto_sim_pkg/share/rcauto_sim_pkg/hook/cmake_prefix_path.dsv'
[21.977s] INFO:colcon.colcon_core.shell:Creating environment hook '/home/spech/tfm_ws/install/rcauto_sim_pkg/share/rcauto_sim_pkg/hook/cmake_prefix_path.sh'
[21.979s] Level 1:colcon.colcon_core.environment:checking '/home/spech/tfm_ws/install/rcauto_sim_pkg/bin'
[21.980s] Level 1:colcon.colcon_core.environment:checking '/home/spech/tfm_ws/install/rcauto_sim_pkg/lib/pkgconfig/rcauto_sim_pkg.pc'
[21.981s] Level 1:colcon.colcon_core.environment:checking '/home/spech/tfm_ws/install/rcauto_sim_pkg/lib/python3.8/site-packages'
[21.982s] Level 1:colcon.colcon_core.environment:checking '/home/spech/tfm_ws/install/rcauto_sim_pkg/bin'
[21.982s] INFO:colcon.colcon_core.shell:Creating package script '/home/spech/tfm_ws/install/rcauto_sim_pkg/share/rcauto_sim_pkg/package.ps1'
[21.984s] INFO:colcon.colcon_core.shell:Creating package descriptor '/home/spech/tfm_ws/install/rcauto_sim_pkg/share/rcauto_sim_pkg/package.dsv'
[21.985s] INFO:colcon.colcon_core.shell:Creating package script '/home/spech/tfm_ws/install/rcauto_sim_pkg/share/rcauto_sim_pkg/package.sh'
[21.986s] INFO:colcon.colcon_core.shell:Creating package script '/home/spech/tfm_ws/install/rcauto_sim_pkg/share/rcauto_sim_pkg/package.bash'
[21.987s] INFO:colcon.colcon_core.shell:Creating package script '/home/spech/tfm_ws/install/rcauto_sim_pkg/share/rcauto_sim_pkg/package.zsh'
[21.988s] Level 1:colcon.colcon_core.environment:create_file_with_runtime_dependencies(/home/spech/tfm_ws/install/rcauto_sim_pkg/share/colcon-core/packages/rcauto_sim_pkg)
[21.988s] DEBUG:colcon.colcon_parallel_executor.executor.parallel:closing loop
[21.989s] DEBUG:colcon.colcon_parallel_executor.executor.parallel:loop closed
[21.990s] DEBUG:colcon.colcon_parallel_executor.executor.parallel:run_until_complete finished with '0'
[21.990s] DEBUG:colcon.colcon_core.event_reactor:joining thread
[22.018s] INFO:colcon.colcon_core.plugin_system:Skipping extension 'colcon_notification.desktop_notification.terminal_notifier': Not used on non-Darwin systems
[22.019s] INFO:colcon.colcon_core.plugin_system:Skipping extension 'colcon_notification.desktop_notification.win32': Not used on non-Windows systems
[22.019s] INFO:colcon.colcon_notification.desktop_notification:Sending desktop notification using 'notify2'
[22.061s] DEBUG:colcon.colcon_core.event_reactor:joined thread
[22.062s] INFO:colcon.colcon_core.shell:Creating prefix script '/home/spech/tfm_ws/install/local_setup.ps1'
[22.065s] INFO:colcon.colcon_core.shell:Creating prefix util module '/home/spech/tfm_ws/install/_local_setup_util_ps1.py'
[22.068s] INFO:colcon.colcon_core.shell:Creating prefix chain script '/home/spech/tfm_ws/install/setup.ps1'
[22.070s] INFO:colcon.colcon_core.shell:Creating prefix script '/home/spech/tfm_ws/install/local_setup.sh'
[22.071s] INFO:colcon.colcon_core.shell:Creating prefix util module '/home/spech/tfm_ws/install/_local_setup_util_sh.py'
[22.072s] INFO:colcon.colcon_core.shell:Creating prefix chain script '/home/spech/tfm_ws/install/setup.sh'
[22.073s] INFO:colcon.colcon_core.shell:Creating prefix script '/home/spech/tfm_ws/install/local_setup.bash'
[22.074s] INFO:colcon.colcon_core.shell:Creating prefix chain script '/home/spech/tfm_ws/install/setup.bash'
[22.076s] INFO:colcon.colcon_core.shell:Creating prefix script '/home/spech/tfm_ws/install/local_setup.zsh'
[22.076s] INFO:colcon.colcon_core.shell:Creating prefix chain script '/home/spech/tfm_ws/install/setup.zsh'
