[7.615s] DEBUG:colcon:Command line arguments: ['/usr/bin/colcon', 'build']
[7.615s] DEBUG:colcon:Parsed command line arguments: Namespace(allow_overriding=[], ament_cmake_args=None, base_paths=['.'], build_base='build', catkin_cmake_args=None, catkin_skip_building_tests=False, cmake_args=None, cmake_clean_cache=False, cmake_clean_first=False, cmake_force_configure=False, cmake_target=None, cmake_target_skip_unavailable=False, continue_on_error=False, event_handlers=None, executor='parallel', ignore_user_meta=False, install_base='install', log_base=None, log_level=None, main=<bound method BuildVerb.main of <colcon_core.verb.build.BuildVerb object at 0x7fb405715040>>, merge_install=False, metas=['./colcon.meta'], mixin=None, mixin_files=None, mixin_verb=('build',), packages_above=None, packages_above_and_dependencies=None, packages_above_depth=None, packages_end=None, packages_ignore=None, packages_ignore_regex=None, packages_select=None, packages_select_build_failed=False, packages_select_by_dep=None, packages_select_regex=None, packages_select_test_failures=False, packages_skip=None, packages_skip_build_finished=False, packages_skip_by_dep=None, packages_skip_regex=None, packages_skip_test_passed=False, packages_skip_up_to=None, packages_start=None, packages_up_to=None, packages_up_to_regex=None, parallel_workers=4, paths=None, symlink_install=False, test_result_base=None, verb_extension=<colcon_core.verb.build.BuildVerb object at 0x7fb405715040>, verb_name='build', verb_parser=<colcon_mixin.mixin.mixin_argument.MixinArgumentDecorator object at 0x7fb40566aa60>)
[8.944s] Level 1:colcon.colcon_core.package_discovery:discover_packages(colcon_meta) check parameters
[8.945s] Level 1:colcon.colcon_core.package_discovery:discover_packages(recursive) check parameters
[8.945s] Level 1:colcon.colcon_core.package_discovery:discover_packages(ignore) check parameters
[8.945s] Level 1:colcon.colcon_core.package_discovery:discover_packages(path) check parameters
[8.945s] Level 1:colcon.colcon_core.package_discovery:discover_packages(colcon_meta) discover
[8.946s] Level 1:colcon.colcon_core.package_discovery:discover_packages(recursive) discover
[8.946s] INFO:colcon.colcon_core.package_discovery:Crawling recursively for packages in '/home/spech/tfm_ws'
[8.947s] Level 1:colcon.colcon_core.package_identification:_identify(.) by extensions ['ignore', 'ignore_ament_install']
[8.947s] Level 1:colcon.colcon_core.package_identification:_identify(.) by extension 'ignore'
[8.948s] Level 1:colcon.colcon_core.package_identification:_identify(.) by extension 'ignore_ament_install'
[8.948s] Level 1:colcon.colcon_core.package_identification:_identify(.) by extensions ['colcon_pkg']
[8.948s] Level 1:colcon.colcon_core.package_identification:_identify(.) by extension 'colcon_pkg'
[8.949s] Level 1:colcon.colcon_core.package_identification:_identify(.) by extensions ['colcon_meta']
[8.949s] Level 1:colcon.colcon_core.package_identification:_identify(.) by extension 'colcon_meta'
[8.949s] Level 1:colcon.colcon_core.package_identification:_identify(.) by extensions ['ros']
[8.949s] Level 1:colcon.colcon_core.package_identification:_identify(.) by extension 'ros'
[9.057s] Level 1:colcon.colcon_core.package_identification:_identify(.) by extensions ['cmake', 'python']
[9.057s] Level 1:colcon.colcon_core.package_identification:_identify(.) by extension 'cmake'
[9.057s] Level 1:colcon.colcon_core.package_identification:_identify(.) by extension 'python'
[9.057s] Level 1:colcon.colcon_core.package_identification:_identify(.) by extensions ['python_setup_py']
[9.058s] Level 1:colcon.colcon_core.package_identification:_identify(.) by extension 'python_setup_py'
[9.058s] Level 1:colcon.colcon_core.package_identification:_identify(build) by extensions ['ignore', 'ignore_ament_install']
[9.058s] Level 1:colcon.colcon_core.package_identification:_identify(build) by extension 'ignore'
[9.058s] Level 1:colcon.colcon_core.package_identification:_identify(build) ignored
[9.058s] Level 1:colcon.colcon_core.package_identification:_identify(install) by extensions ['ignore', 'ignore_ament_install']
[9.058s] Level 1:colcon.colcon_core.package_identification:_identify(install) by extension 'ignore'
[9.059s] Level 1:colcon.colcon_core.package_identification:_identify(install) ignored
[9.059s] Level 1:colcon.colcon_core.package_identification:_identify(log) by extensions ['ignore', 'ignore_ament_install']
[9.059s] Level 1:colcon.colcon_core.package_identification:_identify(log) by extension 'ignore'
[9.059s] Level 1:colcon.colcon_core.package_identification:_identify(log) ignored
[9.081s] Level 1:colcon.colcon_core.package_identification:_identify(src) by extensions ['ignore', 'ignore_ament_install']
[9.081s] Level 1:colcon.colcon_core.package_identification:_identify(src) by extension 'ignore'
[9.082s] Level 1:colcon.colcon_core.package_identification:_identify(src) by extension 'ignore_ament_install'
[9.082s] Level 1:colcon.colcon_core.package_identification:_identify(src) by extensions ['colcon_pkg']
[9.082s] Level 1:colcon.colcon_core.package_identification:_identify(src) by extension 'colcon_pkg'
[9.082s] Level 1:colcon.colcon_core.package_identification:_identify(src) by extensions ['colcon_meta']
[9.082s] Level 1:colcon.colcon_core.package_identification:_identify(src) by extension 'colcon_meta'
[9.082s] Level 1:colcon.colcon_core.package_identification:_identify(src) by extensions ['ros']
[9.082s] Level 1:colcon.colcon_core.package_identification:_identify(src) by extension 'ros'
[9.082s] Level 1:colcon.colcon_core.package_identification:_identify(src) by extensions ['cmake', 'python']
[9.082s] Level 1:colcon.colcon_core.package_identification:_identify(src) by extension 'cmake'
[9.082s] Level 1:colcon.colcon_core.package_identification:_identify(src) by extension 'python'
[9.083s] Level 1:colcon.colcon_core.package_identification:_identify(src) by extensions ['python_setup_py']
[9.083s] Level 1:colcon.colcon_core.package_identification:_identify(src) by extension 'python_setup_py'
[9.084s] Level 1:colcon.colcon_core.package_identification:_identify(src/rcauto_sim_pkg) by extensions ['ignore', 'ignore_ament_install']
[9.084s] Level 1:colcon.colcon_core.package_identification:_identify(src/rcauto_sim_pkg) by extension 'ignore'
[9.084s] Level 1:colcon.colcon_core.package_identification:_identify(src/rcauto_sim_pkg) by extension 'ignore_ament_install'
[9.084s] Level 1:colcon.colcon_core.package_identification:_identify(src/rcauto_sim_pkg) by extensions ['colcon_pkg']
[9.084s] Level 1:colcon.colcon_core.package_identification:_identify(src/rcauto_sim_pkg) by extension 'colcon_pkg'
[9.084s] Level 1:colcon.colcon_core.package_identification:_identify(src/rcauto_sim_pkg) by extensions ['colcon_meta']
[9.084s] Level 1:colcon.colcon_core.package_identification:_identify(src/rcauto_sim_pkg) by extension 'colcon_meta'
[9.084s] Level 1:colcon.colcon_core.package_identification:_identify(src/rcauto_sim_pkg) by extensions ['ros']
[9.084s] Level 1:colcon.colcon_core.package_identification:_identify(src/rcauto_sim_pkg) by extension 'ros'
[9.121s] DEBUG:colcon.colcon_core.package_identification:Package 'src/rcauto_sim_pkg' with type 'ros.ament_cmake' and name 'rcauto_sim_pkg'
[9.121s] Level 1:colcon.colcon_core.package_discovery:discover_packages(recursive) using defaults
[9.122s] Level 1:colcon.colcon_core.package_discovery:discover_packages(ignore) discover
[9.122s] Level 1:colcon.colcon_core.package_discovery:discover_packages(ignore) using defaults
[9.122s] Level 1:colcon.colcon_core.package_discovery:discover_packages(path) discover
[9.122s] Level 1:colcon.colcon_core.package_discovery:discover_packages(path) using defaults
[9.404s] Level 1:colcon.colcon_core.package_discovery:discover_packages(prefix_path) check parameters
[9.404s] Level 1:colcon.colcon_core.package_discovery:discover_packages(prefix_path) discover
[9.410s] DEBUG:colcon.colcon_installed_package_information.package_discovery:Found 2 installed packages in /home/spech/tfm_ws/install
[9.414s] DEBUG:colcon.colcon_installed_package_information.package_discovery:Found 299 installed packages in /opt/ros/foxy
[9.417s] Level 1:colcon.colcon_core.package_discovery:discover_packages(prefix_path) using defaults
[10.446s] Level 5:colcon.colcon_core.verb:set package 'rcauto_sim_pkg' build argument 'cmake_args' from command line to 'None'
[10.446s] Level 5:colcon.colcon_core.verb:set package 'rcauto_sim_pkg' build argument 'cmake_target' from command line to 'None'
[10.446s] Level 5:colcon.colcon_core.verb:set package 'rcauto_sim_pkg' build argument 'cmake_target_skip_unavailable' from command line to 'False'
[10.446s] Level 5:colcon.colcon_core.verb:set package 'rcauto_sim_pkg' build argument 'cmake_clean_cache' from command line to 'False'
[10.446s] Level 5:colcon.colcon_core.verb:set package 'rcauto_sim_pkg' build argument 'cmake_clean_first' from command line to 'False'
[10.446s] Level 5:colcon.colcon_core.verb:set package 'rcauto_sim_pkg' build argument 'cmake_force_configure' from command line to 'False'
[10.446s] Level 5:colcon.colcon_core.verb:set package 'rcauto_sim_pkg' build argument 'ament_cmake_args' from command line to 'None'
[10.446s] Level 5:colcon.colcon_core.verb:set package 'rcauto_sim_pkg' build argument 'catkin_cmake_args' from command line to 'None'
[10.446s] Level 5:colcon.colcon_core.verb:set package 'rcauto_sim_pkg' build argument 'catkin_skip_building_tests' from command line to 'False'
[10.446s] DEBUG:colcon.colcon_core.verb:Building package 'rcauto_sim_pkg' with the following arguments: {'ament_cmake_args': None, 'build_base': '/home/spech/tfm_ws/build/rcauto_sim_pkg', 'catkin_cmake_args': None, 'catkin_skip_building_tests': False, 'cmake_args': None, 'cmake_clean_cache': False, 'cmake_clean_first': False, 'cmake_force_configure': False, 'cmake_target': None, 'cmake_target_skip_unavailable': False, 'install_base': '/home/spech/tfm_ws/install/rcauto_sim_pkg', 'merge_install': False, 'path': '/home/spech/tfm_ws/src/rcauto_sim_pkg', 'symlink_install': False, 'test_result_base': None}
[10.447s] INFO:colcon.colcon_core.executor:Executing jobs using 'parallel' executor
[10.449s] DEBUG:colcon.colcon_parallel_executor.executor.parallel:run_until_complete
[10.449s] INFO:colcon.colcon_ros.task.ament_cmake.build:Building ROS package in '/home/spech/tfm_ws/src/rcauto_sim_pkg' with build type 'ament_cmake'
[10.449s] INFO:colcon.colcon_cmake.task.cmake.build:Building CMake package in '/home/spech/tfm_ws/src/rcauto_sim_pkg'
[10.575s] INFO:colcon.colcon_core.plugin_system:Skipping extension 'colcon_core.shell.bat': Not used on non-Windows systems
[10.575s] INFO:colcon.colcon_core.shell:Skip shell extension 'powershell' for command environment: Not usable outside of PowerShell
[10.576s] DEBUG:colcon.colcon_core.shell:Skip shell extension 'dsv' for command environment
[10.702s] DEBUG:colcon.colcon_core.event_handler.log_command:Invoking command in '/home/spech/tfm_ws/build/rcauto_sim_pkg': CMAKE_PREFIX_PATH=${CMAKE_PREFIX_PATH}:/home/spech/tfm_ws/install/teleop_twist_keyboard:/opt/ros/foxy /usr/bin/cmake --build /home/spech/tfm_ws/build/rcauto_sim_pkg -- -j4 -l4
[11.864s] DEBUG:colcon.colcon_core.event_handler.log_command:Invoked command in '/home/spech/tfm_ws/build/rcauto_sim_pkg' returned '0': CMAKE_PREFIX_PATH=${CMAKE_PREFIX_PATH}:/home/spech/tfm_ws/install/teleop_twist_keyboard:/opt/ros/foxy /usr/bin/cmake --build /home/spech/tfm_ws/build/rcauto_sim_pkg -- -j4 -l4
[11.896s] DEBUG:colcon.colcon_core.event_handler.log_command:Invoking command in '/home/spech/tfm_ws/build/rcauto_sim_pkg': CMAKE_PREFIX_PATH=${CMAKE_PREFIX_PATH}:/home/spech/tfm_ws/install/teleop_twist_keyboard:/opt/ros/foxy /usr/bin/cmake --install /home/spech/tfm_ws/build/rcauto_sim_pkg
[11.962s] Level 1:colcon.colcon_core.environment:create_environment_scripts_only(rcauto_sim_pkg)
[11.967s] DEBUG:colcon.colcon_core.event_handler.log_command:Invoked command in '/home/spech/tfm_ws/build/rcauto_sim_pkg' returned '0': CMAKE_PREFIX_PATH=${CMAKE_PREFIX_PATH}:/home/spech/tfm_ws/install/teleop_twist_keyboard:/opt/ros/foxy /usr/bin/cmake --install /home/spech/tfm_ws/build/rcauto_sim_pkg
[12.082s] Level 1:colcon.colcon_core.environment:checking '/home/spech/tfm_ws/install/rcauto_sim_pkg' for CMake module files
[12.086s] Level 1:colcon.colcon_core.environment:checking '/home/spech/tfm_ws/install/rcauto_sim_pkg' for CMake config files
[12.087s] Level 1:colcon.colcon_core.shell:create_environment_hook('rcauto_sim_pkg', 'cmake_prefix_path')
[12.088s] INFO:colcon.colcon_core.shell:Creating environment hook '/home/spech/tfm_ws/install/rcauto_sim_pkg/share/rcauto_sim_pkg/hook/cmake_prefix_path.ps1'
[12.117s] INFO:colcon.colcon_core.shell:Creating environment descriptor '/home/spech/tfm_ws/install/rcauto_sim_pkg/share/rcauto_sim_pkg/hook/cmake_prefix_path.dsv'
[12.140s] INFO:colcon.colcon_core.shell:Creating environment hook '/home/spech/tfm_ws/install/rcauto_sim_pkg/share/rcauto_sim_pkg/hook/cmake_prefix_path.sh'
[12.147s] Level 1:colcon.colcon_core.environment:checking '/home/spech/tfm_ws/install/rcauto_sim_pkg/bin'
[12.147s] Level 1:colcon.colcon_core.environment:checking '/home/spech/tfm_ws/install/rcauto_sim_pkg/lib/pkgconfig/rcauto_sim_pkg.pc'
[12.149s] Level 1:colcon.colcon_core.environment:checking '/home/spech/tfm_ws/install/rcauto_sim_pkg/lib/python3.8/site-packages'
[12.150s] Level 1:colcon.colcon_core.environment:checking '/home/spech/tfm_ws/install/rcauto_sim_pkg/bin'
[12.152s] INFO:colcon.colcon_core.shell:Creating package script '/home/spech/tfm_ws/install/rcauto_sim_pkg/share/rcauto_sim_pkg/package.ps1'
[12.157s] INFO:colcon.colcon_core.shell:Creating package descriptor '/home/spech/tfm_ws/install/rcauto_sim_pkg/share/rcauto_sim_pkg/package.dsv'
[12.161s] INFO:colcon.colcon_core.shell:Creating package script '/home/spech/tfm_ws/install/rcauto_sim_pkg/share/rcauto_sim_pkg/package.sh'
[12.164s] INFO:colcon.colcon_core.shell:Creating package script '/home/spech/tfm_ws/install/rcauto_sim_pkg/share/rcauto_sim_pkg/package.bash'
[12.184s] INFO:colcon.colcon_core.shell:Creating package script '/home/spech/tfm_ws/install/rcauto_sim_pkg/share/rcauto_sim_pkg/package.zsh'
[12.192s] Level 1:colcon.colcon_core.environment:create_file_with_runtime_dependencies(/home/spech/tfm_ws/install/rcauto_sim_pkg/share/colcon-core/packages/rcauto_sim_pkg)
[12.194s] Level 1:colcon.colcon_core.environment:create_environment_scripts_only(rcauto_sim_pkg)
[12.195s] Level 1:colcon.colcon_core.environment:checking '/home/spech/tfm_ws/install/rcauto_sim_pkg' for CMake module files
[12.196s] Level 1:colcon.colcon_core.environment:checking '/home/spech/tfm_ws/install/rcauto_sim_pkg' for CMake config files
[12.196s] Level 1:colcon.colcon_core.shell:create_environment_hook('rcauto_sim_pkg', 'cmake_prefix_path')
[12.197s] INFO:colcon.colcon_core.shell:Creating environment hook '/home/spech/tfm_ws/install/rcauto_sim_pkg/share/rcauto_sim_pkg/hook/cmake_prefix_path.ps1'
[12.198s] INFO:colcon.colcon_core.shell:Creating environment descriptor '/home/spech/tfm_ws/install/rcauto_sim_pkg/share/rcauto_sim_pkg/hook/cmake_prefix_path.dsv'
[12.199s] INFO:colcon.colcon_core.shell:Creating environment hook '/home/spech/tfm_ws/install/rcauto_sim_pkg/share/rcauto_sim_pkg/hook/cmake_prefix_path.sh'
[12.200s] Level 1:colcon.colcon_core.environment:checking '/home/spech/tfm_ws/install/rcauto_sim_pkg/bin'
[12.200s] Level 1:colcon.colcon_core.environment:checking '/home/spech/tfm_ws/install/rcauto_sim_pkg/lib/pkgconfig/rcauto_sim_pkg.pc'
[12.201s] Level 1:colcon.colcon_core.environment:checking '/home/spech/tfm_ws/install/rcauto_sim_pkg/lib/python3.8/site-packages'
[12.201s] Level 1:colcon.colcon_core.environment:checking '/home/spech/tfm_ws/install/rcauto_sim_pkg/bin'
[12.202s] INFO:colcon.colcon_core.shell:Creating package script '/home/spech/tfm_ws/install/rcauto_sim_pkg/share/rcauto_sim_pkg/package.ps1'
[12.203s] INFO:colcon.colcon_core.shell:Creating package descriptor '/home/spech/tfm_ws/install/rcauto_sim_pkg/share/rcauto_sim_pkg/package.dsv'
[12.205s] INFO:colcon.colcon_core.shell:Creating package script '/home/spech/tfm_ws/install/rcauto_sim_pkg/share/rcauto_sim_pkg/package.sh'
[12.206s] INFO:colcon.colcon_core.shell:Creating package script '/home/spech/tfm_ws/install/rcauto_sim_pkg/share/rcauto_sim_pkg/package.bash'
[12.207s] INFO:colcon.colcon_core.shell:Creating package script '/home/spech/tfm_ws/install/rcauto_sim_pkg/share/rcauto_sim_pkg/package.zsh'
[12.208s] Level 1:colcon.colcon_core.environment:create_file_with_runtime_dependencies(/home/spech/tfm_ws/install/rcauto_sim_pkg/share/colcon-core/packages/rcauto_sim_pkg)
[12.209s] DEBUG:colcon.colcon_parallel_executor.executor.parallel:closing loop
[12.210s] DEBUG:colcon.colcon_parallel_executor.executor.parallel:loop closed
[12.210s] DEBUG:colcon.colcon_parallel_executor.executor.parallel:run_until_complete finished with '0'
[12.211s] DEBUG:colcon.colcon_core.event_reactor:joining thread
[12.239s] INFO:colcon.colcon_core.plugin_system:Skipping extension 'colcon_notification.desktop_notification.terminal_notifier': Not used on non-Darwin systems
[12.239s] INFO:colcon.colcon_core.plugin_system:Skipping extension 'colcon_notification.desktop_notification.win32': Not used on non-Windows systems
[12.239s] INFO:colcon.colcon_notification.desktop_notification:Sending desktop notification using 'notify2'
[12.264s] DEBUG:colcon.colcon_core.event_reactor:joined thread
[12.265s] INFO:colcon.colcon_core.shell:Creating prefix script '/home/spech/tfm_ws/install/local_setup.ps1'
[12.277s] INFO:colcon.colcon_core.shell:Creating prefix util module '/home/spech/tfm_ws/install/_local_setup_util_ps1.py'
[12.293s] INFO:colcon.colcon_core.shell:Creating prefix chain script '/home/spech/tfm_ws/install/setup.ps1'
[12.295s] INFO:colcon.colcon_core.shell:Creating prefix script '/home/spech/tfm_ws/install/local_setup.sh'
[12.298s] INFO:colcon.colcon_core.shell:Creating prefix util module '/home/spech/tfm_ws/install/_local_setup_util_sh.py'
[12.298s] INFO:colcon.colcon_core.shell:Creating prefix chain script '/home/spech/tfm_ws/install/setup.sh'
[12.300s] INFO:colcon.colcon_core.shell:Creating prefix script '/home/spech/tfm_ws/install/local_setup.bash'
[12.301s] INFO:colcon.colcon_core.shell:Creating prefix chain script '/home/spech/tfm_ws/install/setup.bash'
[12.302s] INFO:colcon.colcon_core.shell:Creating prefix script '/home/spech/tfm_ws/install/local_setup.zsh'
[12.303s] INFO:colcon.colcon_core.shell:Creating prefix chain script '/home/spech/tfm_ws/install/setup.zsh'
