[0.046s] Invoking command in '/home/spech/tfm_ws/build/rcauto_sim_pkg': CMAKE_PREFIX_PATH=${CMAKE_PREFIX_PATH}:/home/spech/tfm_ws/install/teleop_twist_keyboard:/opt/ros/foxy /usr/bin/cmake --build /home/spech/tfm_ws/build/rcauto_sim_pkg -- -j4 -l4
[0.540s] -- Found ament_cmake: 0.9.12 (/opt/ros/foxy/share/ament_cmake/cmake)
[0.670s] -- Using PYTHON_EXECUTABLE: /usr/bin/python3
[1.104s] -- Override CMake install command with custom implementation using symlinks instead of copying resources
[1.223s] -- Found rclcpp: 2.4.3 (/opt/ros/foxy/share/rclcpp/cmake)
[1.429s] -- Using all available rosidl_typesupport_c: rosidl_typesupport_fastrtps_c;rosidl_typesupport_introspection_c
[1.469s] -- Found rosidl_adapter: 1.3.1 (/opt/ros/foxy/share/rosidl_adapter/cmake)
[2.182s] -- Using all available rosidl_typesupport_cpp: rosidl_typesupport_fastrtps_cpp;rosidl_typesupport_introspection_cpp
[2.457s] -- Found rmw_implementation_cmake: 1.0.4 (/opt/ros/foxy/share/rmw_implementation_cmake/cmake)
[2.469s] -- Using RMW implementation 'rmw_fastrtps_cpp' as default
[2.911s] -- Found rclpy: 1.0.13 (/opt/ros/foxy/share/rclpy/cmake)
[2.932s] -- Found gazebo_ros: 3.5.3 (/opt/ros/foxy/share/gazebo_ros/cmake)
[3.321s] -- Found DART: /usr/include (Required is at least version "6.6") found components: dart 
[3.827s] -- Found Protobuf: /usr/lib/x86_64-linux-gnu/libprotobuf.so;-lpthread (found version "3.6.1") 
[3.871s] -- Looking for ignition-math6 -- found version 6.15.1
[3.982s] -- Searching for dependencies of ignition-math6
[4.013s] -- Looking for OGRE...
[4.082s] -- Found Ogre Ghadamon (1.9.0)
[4.144s] -- Found OGRE: optimized;/usr/lib/x86_64-linux-gnu/libOgreMain.so;debug;/usr/lib/x86_64-linux-gnu/libOgreMain.so
[4.190s] -- Looking for OGRE_Paging...
[4.190s] -- Found OGRE_Paging: optimized;/usr/lib/x86_64-linux-gnu/libOgrePaging.so;debug;/usr/lib/x86_64-linux-gnu/libOgrePaging.so
[4.190s] -- Looking for OGRE_Terrain...
[4.191s] -- Found OGRE_Terrain: optimized;/usr/lib/x86_64-linux-gnu/libOgreTerrain.so;debug;/usr/lib/x86_64-linux-gnu/libOgreTerrain.so
[4.191s] -- Looking for OGRE_Property...
[4.191s] -- Found OGRE_Property: optimized;/usr/lib/x86_64-linux-gnu/libOgreProperty.so;debug;/usr/lib/x86_64-linux-gnu/libOgreProperty.so
[4.191s] -- Looking for OGRE_RTShaderSystem...
[4.191s] -- Found OGRE_RTShaderSystem: optimized;/usr/lib/x86_64-linux-gnu/libOgreRTShaderSystem.so;debug;/usr/lib/x86_64-linux-gnu/libOgreRTShaderSystem.so
[4.192s] -- Looking for OGRE_Volume...
[4.192s] -- Found OGRE_Volume: optimized;/usr/lib/x86_64-linux-gnu/libOgreVolume.so;debug;/usr/lib/x86_64-linux-gnu/libOgreVolume.so
[4.192s] -- Looking for OGRE_Overlay...
[4.192s] -- Found OGRE_Overlay: optimized;/usr/lib/x86_64-linux-gnu/libOgreOverlay.so;debug;/usr/lib/x86_64-linux-gnu/libOgreOverlay.so
[4.386s] -- Looking for ignition-math6 -- found version 6.15.1
[4.410s] -- Looking for ignition-transport8 -- found version 8.3.0
[4.410s] -- Searching for dependencies of ignition-transport8
[4.447s] -- Found Protobuf: /usr/lib/x86_64-linux-gnu/libprotobuf.so;-lpthread (found suitable version "3.6.1", minimum required is "3") 
[4.464s] -- Config-file not installed for ZeroMQ -- checking for pkg-config
[4.471s] -- Checking for module 'libzmq >= 4'
[4.634s] --   Found libzmq , version 4.3.2
[4.723s] -- Checking for module 'uuid'
[4.810s] --   Found uuid, version 2.34.0
[4.889s] -- Looking for ignition-msgs5 -- found version 5.10.0
[4.890s] -- Searching for dependencies of ignition-msgs5
[4.917s] -- Looking for ignition-math6 -- found version 6.15.1
[4.925s] -- Checking for module 'tinyxml2'
[4.971s] --   Found tinyxml2, version 6.2.0
[5.055s] -- Looking for ignition-msgs5 -- found version 5.10.0
[5.070s] -- Looking for ignition-common3 -- found version 3.14.2
[5.075s] -- Searching for dependencies of ignition-common3
[5.076s] -- Looking for dlfcn.h - found
[5.077s] -- Looking for libdl - found
[5.108s] -- Searching for <ignition-common3> component [graphics]
[5.113s] -- Looking for ignition-common3-graphics -- found version 3.14.2
[5.114s] -- Searching for dependencies of ignition-common3-graphics
[5.114s] -- Looking for ignition-math6 -- found version 6.15.1
[5.124s] -- Looking for ignition-fuel_tools4 -- found version 4.6.0
[5.125s] -- Searching for dependencies of ignition-fuel_tools4
[5.215s] -- Checking for module 'jsoncpp'
[5.240s] --   Found jsoncpp, version 1.7.4
[5.314s] -- Checking for module 'libzip'
[5.345s] --   Found libzip, version 1.5.1
[5.411s] -- Looking for ignition-common3 -- found version 3.14.2
[5.412s] -- Looking for ignition-math6 -- found version 6.15.1
[5.412s] -- Looking for ignition-msgs5 -- found version 5.10.0
[5.414s] -- Gazebo version: 11.11
[5.440s] -- Found sensor_msgs: 2.0.5 (/opt/ros/foxy/share/sensor_msgs/cmake)
[5.664s] -- Found ament_lint_auto: 0.9.8 (/opt/ros/foxy/share/ament_lint_auto/cmake)
[5.983s] -- Added test 'copyright' to check source files copyright and LICENSE
[6.055s] -- Added test 'flake8' to check Python code syntax and style conventions
[6.058s] -- Added test 'lint_cmake' to check CMake code style
[6.059s] -- Added test 'pep257' to check Python code against some of the style conventions in PEP 257
[6.067s] -- Added test 'xmllint' to check XML markup files
[6.085s] -- Configuring done
[6.175s] -- Generating done
[6.206s] -- Build files have been written to: /home/spech/tfm_ws/build/rcauto_sim_pkg
[6.282s] Invoked command in '/home/spech/tfm_ws/build/rcauto_sim_pkg' returned '0': CMAKE_PREFIX_PATH=${CMAKE_PREFIX_PATH}:/home/spech/tfm_ws/install/teleop_twist_keyboard:/opt/ros/foxy /usr/bin/cmake --build /home/spech/tfm_ws/build/rcauto_sim_pkg -- -j4 -l4
[6.306s] Invoking command in '/home/spech/tfm_ws/build/rcauto_sim_pkg': CMAKE_PREFIX_PATH=${CMAKE_PREFIX_PATH}:/home/spech/tfm_ws/install/teleop_twist_keyboard:/opt/ros/foxy /usr/bin/cmake --install /home/spech/tfm_ws/build/rcauto_sim_pkg
[6.322s] -- Install configuration: ""
[6.323s] -- Execute custom install script
[6.323s] -- Up-to-date symlink: /home/spech/tfm_ws/install/rcauto_sim_pkg/share/rcauto_sim_pkg/launch/nav2_wayfollow.launch.py
[6.324s] -- Up-to-date symlink: /home/spech/tfm_ws/install/rcauto_sim_pkg/share/rcauto_sim_pkg/launch/tfm_sim.launch.py
[6.324s] -- Up-to-date symlink: /home/spech/tfm_ws/install/rcauto_sim_pkg/lib/rcauto_sim_pkg/racing_line_extractor.py
[6.325s] -- Up-to-date symlink: /home/spech/tfm_ws/install/rcauto_sim_pkg/lib/rcauto_sim_pkg/follow_racing_line.py
[6.325s] -- Symlinking: /home/spech/tfm_ws/install/rcauto_sim_pkg/lib/rcauto_sim_pkg/show_path.py
[6.344s] -- Up-to-date symlink: /home/spech/tfm_ws/install/rcauto_sim_pkg/share/rcauto_sim_pkg/config/nav2_config.yaml
[6.344s] -- Symlinking: /home/spech/tfm_ws/install/rcauto_sim_pkg/share/rcauto_sim_pkg/config/nav2_wayfollow.yaml
[6.362s] -- Up-to-date symlink: /home/spech/tfm_ws/install/rcauto_sim_pkg/share/rcauto_sim_pkg/config/navigate_w_replanning_and_recovery.xml
[6.362s] -- Up-to-date symlink: /home/spech/tfm_ws/install/rcauto_sim_pkg/share/rcauto_sim_pkg/config/racing_line.yaml
[6.363s] -- Up-to-date symlink: /home/spech/tfm_ws/install/rcauto_sim_pkg/share/rcauto_sim_pkg/config/slam_config.yaml
[6.363s] -- Up-to-date symlink: /home/spech/tfm_ws/install/rcauto_sim_pkg/share/rcauto_sim_pkg/config/slam_localization.yaml
[6.365s] -- Up-to-date symlink: /home/spech/tfm_ws/install/rcauto_sim_pkg/share/rcauto_sim_pkg/mapas/pau_track/mapa_pau.pgm
[6.365s] -- Up-to-date symlink: /home/spech/tfm_ws/install/rcauto_sim_pkg/share/rcauto_sim_pkg/mapas/pau_track/mapa_pau_track.pgm
[6.366s] -- Up-to-date symlink: /home/spech/tfm_ws/install/rcauto_sim_pkg/share/rcauto_sim_pkg/mapas/pau_track/mapa_pau_track.xcf
[6.366s] -- Up-to-date symlink: /home/spech/tfm_ws/install/rcauto_sim_pkg/share/rcauto_sim_pkg/mapas/pau_track/mapa_pau_track.yaml
[6.366s] -- Up-to-date symlink: /home/spech/tfm_ws/install/rcauto_sim_pkg/share/ament_index/resource_index/package_run_dependencies/rcauto_sim_pkg
[6.367s] -- Up-to-date symlink: /home/spech/tfm_ws/install/rcauto_sim_pkg/share/ament_index/resource_index/parent_prefix_path/rcauto_sim_pkg
[6.367s] -- Up-to-date symlink: /home/spech/tfm_ws/install/rcauto_sim_pkg/share/rcauto_sim_pkg/environment/ament_prefix_path.sh
[6.368s] -- Up-to-date symlink: /home/spech/tfm_ws/install/rcauto_sim_pkg/share/rcauto_sim_pkg/environment/ament_prefix_path.dsv
[6.368s] -- Up-to-date symlink: /home/spech/tfm_ws/install/rcauto_sim_pkg/share/rcauto_sim_pkg/environment/path.sh
[6.370s] -- Up-to-date symlink: /home/spech/tfm_ws/install/rcauto_sim_pkg/share/rcauto_sim_pkg/environment/path.dsv
[6.370s] -- Up-to-date symlink: /home/spech/tfm_ws/install/rcauto_sim_pkg/share/rcauto_sim_pkg/local_setup.bash
[6.371s] -- Up-to-date symlink: /home/spech/tfm_ws/install/rcauto_sim_pkg/share/rcauto_sim_pkg/local_setup.sh
[6.371s] -- Up-to-date symlink: /home/spech/tfm_ws/install/rcauto_sim_pkg/share/rcauto_sim_pkg/local_setup.zsh
[6.372s] -- Up-to-date symlink: /home/spech/tfm_ws/install/rcauto_sim_pkg/share/rcauto_sim_pkg/local_setup.dsv
[6.372s] -- Symlinking: /home/spech/tfm_ws/install/rcauto_sim_pkg/share/rcauto_sim_pkg/package.dsv
[6.391s] -- Up-to-date symlink: /home/spech/tfm_ws/install/rcauto_sim_pkg/share/ament_index/resource_index/packages/rcauto_sim_pkg
[6.391s] -- Up-to-date symlink: /home/spech/tfm_ws/install/rcauto_sim_pkg/share/rcauto_sim_pkg/cmake/rcauto_sim_pkgConfig.cmake
[6.392s] -- Up-to-date symlink: /home/spech/tfm_ws/install/rcauto_sim_pkg/share/rcauto_sim_pkg/cmake/rcauto_sim_pkgConfig-version.cmake
[6.392s] -- Up-to-date symlink: /home/spech/tfm_ws/install/rcauto_sim_pkg/share/rcauto_sim_pkg/package.xml
[6.397s] Invoked command in '/home/spech/tfm_ws/build/rcauto_sim_pkg' returned '0': CMAKE_PREFIX_PATH=${CMAKE_PREFIX_PATH}:/home/spech/tfm_ws/install/teleop_twist_keyboard:/opt/ros/foxy /usr/bin/cmake --install /home/spech/tfm_ws/build/rcauto_sim_pkg
